epoch,binary_accuracy,loss
0,0.5,0.25442498922348022
1,0.25,0.25437977910041809
2,0.25,0.25429412722587585
3,0.25,0.25417232513427734
4,0.25,0.25401842594146729
5,0.25,0.25383618474006653
6,0.25,0.2536289393901825
7,0.25,0.25339987874031067
8,0.25,0.25315171480178833
9,0.25,0.25288704037666321
10,0.25,0.25260818004608154
11,0.25,0.25231719017028809
12,0.25,0.25201588869094849
13,0.25,0.2517058253288269
14,0.25,0.25138866901397705
15,0.25,0.25106555223464966
16,0.25,0.25073754787445068
17,0.25,0.25040578842163086
18,0.5,0.25007098913192749
19,0.5,0.24973393976688385
20,0.5,0.24939525127410889
21,0.5,0.24943868815898895
22,0.5,0.24949440360069275
23,0.5,0.24954202771186829
24,0.5,0.24958226084709167
25,0.5,0.24961578845977783
26,0.5,0.24964325129985809
27,0.5,0.24966524541378021
28,0.5,0.24968221783638
29,0.5,0.24969470500946045
30,0.5,0.2497030645608902
31,0.5,0.24970772862434387
32,0.5,0.24970901012420654
33,0.5,0.24970725178718567
34,0.5,0.24970270693302155
35,0.5,0.24969570338726044
36,0.5,0.24968641996383667
37,0.5,0.24967506527900696
38,0.5,0.24966186285018921
39,0.5,0.24964696168899536
40,0.5,0.24963052570819855
41,0.5,0.24961268901824951
42,0.5,0.249593585729599
43,0.5,0.24957330524921417
44,0.5,0.24955201148986816
45,0.5,0.24952974915504456
46,0.5,0.24950659275054932
47,0.5,0.24948260188102722
48,0.5,0.24945789575576782
49,0.5,0.24943248927593231
50,0.5,0.24940645694732666
51,0.5,0.24937976896762848
52,0.5,0.24935257434844971
53,0.5,0.24932487308979034
54,0.5,0.249296635389328
55,0.5,0.24926793575286865
56,0.5,0.24923881888389587
57,0.5,0.24920925498008728
58,0.5,0.24917930364608765
59,0.5,0.2491489052772522
60,0.5,0.2491181492805481
61,0.5,0.24908702075481415
62,0.5,0.24905553460121155
63,0.5,0.24902366101741791
64,0.5,0.24899140000343323
65,0.5,0.24895879626274109
66,0.5,0.24892584979534149
67,0.5,0.24889251589775085
68,0.5,0.24885882437229156
69,0.5,0.24882982671260834
70,0.5,0.24885484576225281
71,0.5,0.24884209036827087
72,0.5,0.24879543483257294
73,0.5,0.24878188967704773
74,0.5,0.2487795501947403
75,0.5,0.24877369403839111
76,0.5,0.24876464903354645
77,0.5,0.24875268340110779
78,0.75,0.24873805046081543
79,0.75,0.24872095882892609
80,0.75,0.24870163202285767
81,0.75,0.2486802339553833
82,0.75,0.24865692853927612
83,0.75,0.24863186478614807
84,0.75,0.24860522150993347
85,0.75,0.24860681593418121
86,0.75,0.24859729409217834
87,0.75,0.24855419993400574
88,0.75,0.24854709208011627
89,0.75,0.24854138493537903
90,0.75,0.24853202700614929
91,0.75,0.24851936101913452
92,0.75,0.24850365519523621
93,0.75,0.24848511815071106
94,0.75,0.24846403300762177
95,0.75,0.24844059348106384
96,0.75,0.24841494858264923
97,0.75,0.24838732182979584
98,0.75,0.24835777282714844
99,0.75,0.24836461246013641
100,0.75,0.24835264682769775
101,0.75,0.2483079731464386
102,0.75,0.24828900396823883
103,0.75,0.24828068912029266
104,0.75,0.2482684850692749
105,0.75,0.24825268983840942
106,0.75,0.2482336163520813
107,0.75,0.24821150302886963
108,0.75,0.2481866180896759
109,0.75,0.24815914034843445
110,0.75,0.24812932312488556
111,0.75,0.24809727072715759
112,0.75,0.24808801710605621
113,0.75,0.24807161092758179
114,0.75,0.24802455306053162
115,0.75,0.24800828099250793
116,0.75,0.24798931181430817
117,0.75,0.247967928647995
118,0.75,0.24794352054595947
119,0.75,0.24792951345443726
120,0.75,0.2478947639465332
121,0.75,0.24787002801895142
122,0.75,0.24784550070762634
123,0.75,0.24781818687915802
124,0.75,0.24779462814331055
125,0.75,0.24776129424571991
126,0.75,0.24773147702217102
127,0.75,0.24770219624042511
128,0.75,0.24767467379570007
129,0.75,0.24764397740364075
130,0.75,0.24761584401130676
131,0.75,0.24758556485176086
132,0.75,0.24755086004734039
133,0.75,0.24751436710357666
134,0.75,0.24749158322811127
135,0.75,0.24744708836078644
136,0.75,0.24741414189338684
137,0.75,0.24738287925720215
138,0.75,0.24734517931938171
139,0.75,0.24731394648551941
140,0.75,0.24727961421012878
141,0.75,0.2472417950630188
142,0.75,0.24720063805580139
143,0.75,0.24717436730861664
144,0.75,0.24711975455284119
145,0.75,0.2470950186252594
146,0.75,0.24706749618053436
147,0.75,0.24704304337501526
148,0.75,0.24701774120330811
149,0.75,0.2469865083694458
150,0.75,0.24696084856987
151,0.75,0.24693301320075989
152,0.75,0.24690322577953339
153,0.75,0.24687153100967407
154,0.75,0.24683806300163269
155,0.75,0.24680300056934357
156,0.75,0.24676638841629028
157,0.75,0.2467283308506012
158,0.75,0.24668890237808228
159,0.75,0.24664817750453949
160,0.75,0.24661719799041748
161,0.75,0.24658370018005371
162,0.75,0.24655744433403015
163,0.75,0.24652531743049622
164,0.75,0.2464878112077713
165,0.75,0.24644528329372406
166,0.75,0.24640628695487976
167,0.75,0.24635781347751617
168,0.75,0.24631249904632568
169,0.75,0.24627085030078888
170,0.75,0.24626818299293518
171,0.75,0.24621041119098663
172,0.75,0.24617493152618408
173,0.75,0.24614718556404114
174,0.75,0.24612031877040863
175,0.75,0.24608311057090759
176,0.75,0.24603639543056488
177,0.75,0.24598091840744019
178,0.75,0.24592675268650055
179,0.75,0.24588537216186523
180,0.75,0.2458416223526001
181,0.75,0.24579921364784241
182,0.75,0.24575069546699524
183,0.75,0.24570351839065552
184,0.75,0.24565848708152771
185,0.75,0.24561358988285065
186,0.75,0.24556243419647217
187,0.75,0.2455177903175354
188,0.75,0.24546816945075989
189,0.75,0.2454250156879425
190,0.75,0.24537137150764465
191,0.75,0.24533544480800629
192,0.75,0.24527326226234436
193,0.75,0.24522638320922852
194,0.75,0.24517279863357544
195,0.75,0.24512189626693726
196,0.75,0.24507378041744232
197,0.75,0.24502658843994141
198,0.75,0.24498528242111206
199,0.75,0.24493342638015747
200,0.75,0.24487142264842987
201,0.75,0.2448078989982605
202,0.75,0.24476867914199829
203,0.75,0.24469900131225586
204,0.75,0.24465261399745941
205,0.75,0.24460798501968384
206,0.75,0.24455127120018005
207,0.75,0.24449241161346436
208,0.75,0.24442704021930695
209,0.75,0.24436864256858826
210,0.75,0.24430707097053528
211,0.75,0.24424254894256592
212,0.75,0.24417516589164734
213,0.75,0.24410511553287506
214,0.75,0.24404774606227875
215,0.75,0.24398505687713623
216,0.75,0.24392625689506531
217,0.75,0.24386972188949585
218,0.75,0.24380570650100708
219,0.75,0.24373894929885864
220,0.75,0.24366506934165955
221,0.75,0.24360102415084839
222,0.75,0.24352400004863739
223,0.75,0.24344027042388916
224,0.75,0.24337571859359741
225,0.75,0.24331149458885193
226,0.75,0.24324297904968262
227,0.75,0.24317038059234619
228,0.75,0.24309827387332916
229,0.75,0.24301828444004059
230,0.75,0.24294175207614899
231,0.75,0.24287243187427521
232,0.75,0.24279271066188812
233,0.75,0.24270343780517578
234,0.75,0.24262119829654694
235,0.75,0.24253901839256287
236,0.75,0.24245584011077881
237,0.75,0.2423807680606842
238,0.75,0.24229180812835693
239,0.75,0.24221044778823853
240,0.75,0.24212777614593506
241,0.75,0.24204736948013306
242,0.75,0.24196727573871613
243,0.75,0.24187228083610535
244,0.75,0.24177643656730652
245,0.75,0.2417014092206955
246,0.75,0.24160003662109375
247,0.75,0.24151316285133362
248,0.75,0.2414347231388092
249,0.75,0.2413419783115387
250,0.75,0.24123884737491608
251,0.75,0.2411281019449234
252,0.75,0.24103885889053345
253,0.75,0.24093741178512573
254,0.75,0.24083971977233887
255,0.75,0.24074602127075195
256,0.75,0.24065540730953217
257,0.75,0.24055922031402588
258,0.75,0.24045214056968689
259,0.75,0.24033254384994507
260,0.75,0.24020138382911682
261,0.75,0.24012860655784607
262,0.75,0.24002738296985626
263,0.75,0.2398764044046402
264,0.75,0.23976247012615204
265,0.75,0.23966681957244873
266,0.75,0.23956246674060822
267,0.75,0.23943792283535004
268,0.75,0.23930230736732483
269,0.75,0.2391800582408905
270,0.75,0.23905959725379944
271,0.75,0.23897688090801239
272,0.75,0.23884733021259308
273,0.75,0.23867024481296539
274,0.75,0.23856280744075775
275,0.75,0.23846854269504547
276,0.75,0.23834936320781708
277,0.75,0.23820406198501587
278,0.75,0.23805375397205353
279,0.75,0.23788942396640778
280,0.75,0.23774155974388123
281,0.75,0.23761910200119019
282,0.75,0.23745033144950867
283,0.75,0.23733359575271606
284,0.75,0.23720777034759521
285,0.75,0.2370636910200119
286,0.75,0.23690913617610931
287,0.75,0.23673421144485474
288,0.75,0.23657549917697906
289,0.75,0.2364712655544281
290,0.75,0.23632225394248962
291,0.75,0.23612652719020844
292,0.75,0.23595720529556274
293,0.75,0.23581446707248688
294,0.75,0.23566311597824097
295,0.75,0.23549236357212067
296,0.75,0.23529350757598877
297,0.75,0.23510205745697021
298,0.75,0.23496559262275696
299,0.75,0.23479202389717102
300,0.75,0.23458586633205414
301,0.75,0.23442497849464417
302,0.75,0.23427700996398926
303,0.75,0.23409304022789001
304,0.75,0.23389321565628052
305,0.75,0.23369903862476349
306,0.75,0.23350444436073303
307,0.75,0.23330524563789368
308,0.75,0.2330811619758606
309,0.75,0.23291108012199402
310,0.75,0.23271061480045319
311,0.75,0.2324918806552887
312,0.75,0.23230025172233582
313,0.75,0.23210662603378296
314,0.75,0.23190608620643616
315,0.75,0.23167897760868073
316,0.75,0.23146483302116394
317,0.75,0.23125329613685608
318,0.75,0.23107300698757172
319,0.75,0.23085582256317139
320,0.75,0.23060281574726105
321,0.75,0.23035457730293274
322,0.75,0.23016995191574097
323,0.75,0.22996295988559723
324,0.75,0.22972773015499115
325,0.75,0.22946669161319733
326,0.75,0.22922031581401825
327,0.75,0.22898387908935547
328,0.75,0.2287469357252121
329,0.75,0.22849254310131073
330,0.75,0.22821620106697083
331,0.75,0.22796323895454407
332,0.75,0.22771769762039185
333,0.75,0.22744652628898621
334,0.75,0.2271912693977356
335,0.75,0.2269420325756073
336,0.75,0.22667652368545532
337,0.75,0.22637820243835449
338,0.75,0.22612017393112183
339,0.75,0.22586473822593689
340,0.75,0.22558395564556122
341,0.75,0.22528377175331116
342,0.75,0.22499296069145203
343,0.75,0.22470347583293915
344,0.75,0.22439944744110107
345,0.75,0.22411982715129852
346,0.75,0.22383385896682739
347,0.75,0.22351929545402527
348,0.75,0.22319586575031281
349,0.75,0.22292217612266541
350,0.75,0.2226015031337738
351,0.75,0.22228468954563141
352,0.75,0.22197134792804718
353,0.75,0.22166445851325989
354,0.75,0.2213364839553833
355,0.75,0.2209957093000412
356,0.75,0.22065985202789307
357,0.75,0.22036649286746979
358,0.75,0.22003552317619324
359,0.75,0.21968404948711395
360,0.75,0.21932658553123474
361,0.75,0.21897739171981812
362,0.75,0.21866433322429657
363,0.75,0.21831969916820526
364,0.75,0.21794526278972626
365,0.75,0.21756091713905334
366,0.75,0.21721254289150238
367,0.75,0.21685069799423218
368,0.75,0.21646669507026672
369,0.75,0.21607613563537598
370,0.75,0.21573667228221893
371,0.75,0.21537519991397858
372,0.75,0.21499998867511749
373,0.75,0.2145937979221344
374,0.75,0.21418580412864685
375,0.75,0.21380025148391724
376,0.75,0.21342983841896057
377,0.75,0.21300974488258362
378,0.75,0.21259278059005737
379,0.75,0.21221673488616943
380,0.75,0.21181395649909973
381,0.75,0.21138530969619751
382,0.75,0.21100294589996338
383,0.75,0.21060240268707275
384,0.75,0.21019187569618225
385,0.75,0.20975598692893982
386,0.75,0.2095024585723877
387,0.75,0.2091761976480484
388,0.75,0.20878197252750397
389,0.75,0.20832189917564392
390,0.75,0.20797049999237061
391,0.75,0.20760565996170044
392,0.75,0.20719744265079498
393,0.75,0.20685148239135742
394,0.75,0.20649886131286621
395,0.75,0.20608580112457275
396,0.75,0.20573794841766357
397,0.75,0.20533785223960876
398,0.75,0.20494498312473297
399,0.75,0.20465236902236938
400,0.75,0.2041524201631546
401,0.75,0.20387826859951019
402,0.75,0.2035728394985199
403,0.75,0.20320723950862885
404,0.75,0.20281253755092621
405,0.75,0.2024046778678894
406,0.75,0.20197117328643799
407,0.75,0.2015766054391861
408,0.75,0.20127128064632416
409,0.75,0.2007727324962616
410,0.75,0.20040079951286316
411,0.75,0.20003527402877808
412,0.75,0.19964170455932617
413,0.75,0.19923466444015503
414,0.75,0.19880935549736023
415,0.75,0.19841977953910828
416,0.75,0.19802911579608917
417,0.75,0.19767633080482483
418,0.75,0.19731245934963226
419,0.75,0.19691970944404602
420,0.75,0.19649854302406311
421,0.75,0.19611161947250366
422,0.75,0.1958809494972229
423,0.75,0.19531644880771637
424,0.75,0.19496124982833862
425,0.75,0.19456876814365387
426,0.75,0.19425104558467865
427,0.75,0.19386047124862671
428,0.75,0.193525031208992
429,0.75,0.19315588474273682
430,0.75,0.19276192784309387
431,0.75,0.19241033494472504
432,0.75,0.19201208651065826
433,0.75,0.19158437848091125
434,0.75,0.19132083654403687
435,0.75,0.19086375832557678
436,0.75,0.19051605463027954
437,0.75,0.19013746082782745
438,0.75,0.18977925181388855
439,0.75,0.18948139250278473
440,0.75,0.18911033868789673
441,0.75,0.18876412510871887
442,0.75,0.18842998147010803
443,0.75,0.18806982040405273
444,0.75,0.18769016861915588
445,0.75,0.1872916966676712
446,0.75,0.1871553510427475
447,0.75,0.18669736385345459
448,0.75,0.18637460470199585
449,0.75,0.1860755980014801
450,0.75,0.18578976392745972
451,0.75,0.18546357750892639
452,0.75,0.18510213494300842
453,0.75,0.18471792340278625
454,0.75,0.1844126284122467
455,0.75,0.18407689034938812
456,0.75,0.18368211388587952
457,0.75,0.18338143825531006
458,0.75,0.18308134377002716
459,0.75,0.18275594711303711
460,0.75,0.18259450793266296
461,0.75,0.18209680914878845
462,0.75,0.18179953098297119
463,0.75,0.18149855732917786
464,0.75,0.18117336928844452
465,0.75,0.1808275580406189
466,0.75,0.18059921264648438
467,0.75,0.18025445938110352
468,0.75,0.17998991906642914
469,0.75,0.17971104383468628
470,0.75,0.17941543459892273
471,0.75,0.17909684777259827
472,0.75,0.17877796292304993
473,0.75,0.17851315438747406
474,0.75,0.17822478711605072
475,0.75,0.17798089981079102
476,0.75,0.17771878838539124
477,0.75,0.17745770514011383
478,0.75,0.17718011140823364
479,0.75,0.17688611149787903
480,0.75,0.17657910287380219
481,0.75,0.17640417814254761
482,0.75,0.17614437639713287
483,0.75,0.17579804360866547
484,0.75,0.17552649974822998
485,0.75,0.1752980649471283
486,0.75,0.17504961788654327
487,0.75,0.17486855387687683
488,0.75,0.17458316683769226
489,0.75,0.17438924312591553
490,0.75,0.17415940761566162
491,0.75,0.17392605543136597
492,0.75,0.17368237674236298
493,0.75,0.173421710729599
494,0.75,0.17315909266471863
495,0.75,0.172933429479599
496,0.75,0.17269545793533325
497,0.75,0.17248447239398956
498,0.75,0.17226630449295044
499,0.75,0.1720404326915741
500,0.75,0.17181606590747833
501,0.75,0.17158423364162445
502,0.75,0.17135223746299744
503,0.75,0.1711156964302063
504,0.75,0.17088192701339722
505,0.75,0.17067047953605652
506,0.75,0.17049165070056915
507,0.75,0.17029601335525513
508,0.75,0.1701081395149231
509,0.75,0.16992762684822083
510,0.75,0.16975513100624084
511,0.75,0.1695687472820282
512,0.75,0.16936832666397095
513,0.75,0.16915737092494965
514,0.75,0.16894157230854034
515,0.75,0.1687694787979126
516,0.75,0.16854533553123474
517,0.75,0.16836391389369965
518,0.75,0.16818867623806
519,0.75,0.16800543665885925
520,0.75,0.16782058775424957
521,0.75,0.16762812435626984
522,0.75,0.16757085919380188
523,0.75,0.16728910803794861
524,0.75,0.16713768243789673
525,0.75,0.1669803261756897
526,0.75,0.16681140661239624
527,0.75,0.16669774055480957
528,0.75,0.16653516888618469
529,0.75,0.16632753610610962
530,0.75,0.16610342264175415
531,0.75,0.16592320799827576
532,0.75,0.16574999690055847
533,0.75,0.16557735204696655
534,0.75,0.16551150381565094
535,0.75,0.16529323160648346
536,0.75,0.16517488658428192
537,0.75,0.1650485098361969
538,0.75,0.16491733491420746
539,0.75,0.16477841138839722
540,0.75,0.16462856531143188
541,0.75,0.16446927189826965
542,0.75,0.16432517766952515
543,0.75,0.1641659140586853
544,0.75,0.16398113965988159
545,0.75,0.1638307124376297
546,0.75,0.16367432475090027
547,0.75,0.16351264715194702
548,0.75,0.16340024769306183
549,0.75,0.16322767734527588
550,0.75,0.16309432685375214
551,0.75,0.16297145187854767
552,0.75,0.16284066438674927
553,0.75,0.16270297765731812
554,0.75,0.16255931556224823
555,0.75,0.16241058707237244
556,0.75,0.1622786819934845
557,0.75,0.16213950514793396
558,0.75,0.1620623916387558
559,0.75,0.16189989447593689
560,0.75,0.1618000864982605
561,0.75,0.16169553995132446
562,0.75,0.16158819198608398
563,0.75,0.16147163510322571
564,0.75,0.16136868298053741
565,0.75,0.16123656928539276
566,0.75,0.16111096739768982
567,0.75,0.16098840534687042
568,0.75,0.16086500883102417
569,0.75,0.16073544323444366
570,0.75,0.16060402989387512
571,0.75,0.16046842932701111
572,0.75,0.16032932698726654
573,0.75,0.16021732985973358
574,0.75,0.16009336709976196
575,0.75,0.15996187925338745
576,0.75,0.15984305739402771
577,0.75,0.15974020957946777
578,0.75,0.1596314013004303
579,0.75,0.15951748192310333
580,0.75,0.15953987836837769
581,0.75,0.15931117534637451
582,0.75,0.15921634435653687
583,0.75,0.15912604331970215
584,0.75,0.15906684100627899
585,0.75,0.15898570418357849
586,0.75,0.15886726975440979
587,0.75,0.15877394378185272
588,0.75,0.15868264436721802
589,0.75,0.15858416259288788
590,0.75,0.15847933292388916
591,0.75,0.15837137401103973
592,0.75,0.15826070308685303
593,0.75,0.15814541280269623
594,0.75,0.15802660584449768
595,0.75,0.1579069048166275
596,0.75,0.15778462588787079
597,0.75,0.15776824951171875
598,0.75,0.15764214098453522
599,0.75,0.1575339138507843
600,0.75,0.15740951895713806
601,0.75,0.15733768045902252
602,0.75,0.15726357698440552
603,0.75,0.15718260407447815
604,0.75,0.15709549188613892
605,0.75,0.15700292587280273
606,0.75,0.15690557658672333
607,0.75,0.15680405497550964
608,0.75,0.15669888257980347
609,0.75,0.15659075975418091
610,0.75,0.1564801037311554
611,0.75,0.1563790887594223
612,0.75,0.15629595518112183
613,0.75,0.15618449449539185
614,0.75,0.15609464049339294
615,0.75,0.15600879490375519
616,0.75,0.15610730648040771
617,0.75,0.15585201978683472
618,0.75,0.15578019618988037
619,0.75,0.15570639073848724
620,0.75,0.15564727783203125
621,0.75,0.15557111799716949
622,0.75,0.15549182891845703
623,0.75,0.15542137622833252
624,0.75,0.1553446501493454
625,0.75,0.15526236593723297
626,0.75,0.15517516434192657
627,0.75,0.15508361160755157
628,0.75,0.15498831868171692
629,0.75,0.154915452003479
630,0.75,0.15483419597148895
631,0.75,0.15472522377967834
632,0.75,0.15465208888053894
633,0.75,0.15457615256309509
634,0.75,0.15449540317058563
635,0.75,0.1544104665517807
636,0.75,0.15432277321815491
637,0.75,0.15423266589641571
638,0.75,0.15413981676101685
639,0.75,0.15404462814331055
640,0.75,0.15406793355941772
641,0.75,0.15394780039787292
642,0.75,0.15380755066871643
643,0.75,0.15374049544334412
644,0.75,0.153668612241745
645,0.75,0.15359237790107727
646,0.75,0.15352331101894379
647,0.75,0.15344157814979553
648,0.75,0.15336900949478149
649,0.75,0.15330037474632263
650,0.75,0.15322954952716827
651,0.75,0.15315458178520203
652,0.75,0.15307596325874329
653,0.75,0.15299414098262787
654,0.75,0.15292268991470337
655,0.75,0.15284153819084167
656,0.75,0.15276928246021271
657,0.75,0.15269939601421356
658,0.75,0.15262569487094879
659,0.75,0.15254861116409302
660,0.75,0.15246859192848206
661,0.75,0.15238600969314575
662,0.75,0.15231421589851379
663,0.75,0.15223830938339233
664,0.75,0.15218323469161987
665,0.75,0.1521337628364563
666,0.75,0.15208294987678528
667,0.75,0.1520361602306366
668,0.75,0.15198472142219543
669,0.75,0.151927649974823
670,0.75,0.15186548233032227
671,0.75,0.15179874002933502
672,0.75,0.15172795951366425
673,0.75,0.15168175101280212
674,0.75,0.15160191059112549
675,0.75,0.15153083205223083
676,0.75,0.1514686644077301
677,0.75,0.15140217542648315
678,0.75,0.151331827044487
679,0.75,0.15125811100006104
680,0.75,0.1511814147233963
681,0.75,0.15110214054584503
682,0.75,0.15105307102203369
683,0.75,0.15098690986633301
684,0.75,0.15089473128318787
685,0.75,0.15083086490631104
686,0.75,0.15077126026153564
687,0.75,0.1507076621055603
688,0.75,0.15064048767089844
689,0.75,0.15057021379470825
690,0.75,0.15049755573272705
691,0.75,0.15042313933372498
692,0.75,0.15034666657447815
693,0.75,0.15026842057704926
694,0.75,0.15020638704299927
695,0.75,0.1501447856426239
696,0.75,0.15005800127983093
697,0.75,0.14999395608901978
698,0.75,0.14994373917579651
699,0.75,0.14987397193908691
700,0.75,0.14981696009635925
701,0.75,0.14975643157958984
702,0.75,0.14969280362129211
703,0.75,0.14962643384933472
704,0.75,0.14955766499042511
705,0.75,0.14950190484523773
706,0.75,0.14943738281726837
707,0.75,0.14937123656272888
708,0.75,0.14931395649909973
709,0.75,0.14925351738929749
710,0.75,0.14919032156467438
711,0.75,0.14912465214729309
712,0.75,0.1490568220615387
713,0.75,0.14900431036949158
714,0.75,0.14893822371959686
715,0.75,0.14887367188930511
716,0.75,0.14881762862205505
717,0.75,0.14875862002372742
718,0.75,0.14871448278427124
719,0.75,0.14864790439605713
720,0.75,0.14859521389007568
721,0.75,0.14853927493095398
722,0.75,0.14848047494888306
723,0.75,0.14841912686824799
724,0.75,0.14835554361343384
725,0.75,0.1482900083065033
726,0.75,0.14822560548782349
727,0.75,0.14816923439502716
728,0.75,0.14811348915100098
729,0.75,0.14805962145328522
730,0.75,0.14800295233726501
731,0.75,0.14794380962848663
732,0.75,0.14788252115249634
733,0.75,0.14781931042671204
734,0.75,0.14780150353908539
735,0.75,0.14773422479629517
736,0.75,0.14767941832542419
737,0.75,0.14764052629470825
738,0.75,0.14759813249111176
739,0.75,0.14755316078662872
740,0.75,0.14750456809997559
741,0.75,0.14747002720832825
742,0.75,0.147408127784729
743,0.75,0.14736969769001007
744,0.75,0.14732708036899567
745,0.75,0.14728060364723206
746,0.75,0.14723068475723267
747,0.75,0.14717765152454376
748,0.75,0.1471218466758728
749,0.75,0.14706367254257202
750,0.75,0.14700332283973694
751,0.75,0.14694115519523621
752,0.75,0.14689306914806366
753,0.75,0.14684304594993591
754,0.75,0.14677329361438751
755,0.75,0.14672195911407471
756,0.75,0.14666801691055298
757,0.75,0.1466117799282074
758,0.75,0.14655353128910065
759,0.75,0.14651302993297577
760,0.75,0.14644932746887207
761,0.75,0.14639592170715332
762,0.75,0.14634758234024048
763,0.75,0.14629657566547394
764,0.75,0.14624321460723877
765,0.75,0.14618778228759766
766,0.75,0.1461305171251297
767,0.75,0.14607168734073639
768,0.75,0.14601151645183563
769,0.75,0.1459643691778183
770,0.75,0.1459096372127533
771,0.75,0.14585034549236298
772,0.75,0.14580181241035461
773,0.75,0.14575114846229553
774,0.75,0.14569853246212006
775,0.75,0.14564418792724609
776,0.75,0.14558835327625275
777,0.75,0.14553141593933105
778,0.75,0.14548158645629883
779,0.75,0.1454300582408905
780,0.75,0.14537689089775085
781,0.75,0.14533694088459015
782,0.75,0.14527486264705658
783,0.75,0.14522546529769897
784,0.75,0.14517433941364288
785,0.75,0.14512644708156586
786,0.75,0.14507599174976349
787,0.75,0.14502826333045959
788,0.75,0.14497871696949005
789,0.75,0.14492759108543396
790,0.75,0.14487504959106445
791,0.75,0.14483517408370972
792,0.75,0.14480811357498169
793,0.75,0.14473730325698853
794,0.75,0.14469721913337708
795,0.75,0.14465470612049103
796,0.75,0.14461001753807068
797,0.75,0.14456337690353394
798,0.75,0.14451503753662109
799,0.75,0.14446517825126648
800,0.75,0.14441403746604919
801,0.75,0.14436176419258118
802,0.75,0.14432808756828308
803,0.75,0.14428132772445679
804,0.75,0.14422221481800079
805,0.75,0.14418001472949982
806,0.75,0.14413587749004364
807,0.75,0.14409002661705017
808,0.75,0.14404265582561493
809,0.75,0.14399394392967224
810,0.75,0.14394409954547882
811,0.75,0.14391550421714783
812,0.75,0.14386409521102905
813,0.75,0.1438109278678894
814,0.75,0.14377060532569885
815,0.75,0.14372839033603668
816,0.75,0.14368446171283722
817,0.75,0.14363904297351837
818,0.75,0.14359232783317566
819,0.75,0.14354442059993744
820,0.75,0.14349554479122162
821,0.75,0.14345237612724304
822,0.75,0.14340335130691528
823,0.75,0.14336526393890381
824,0.75,0.14332593977451324
825,0.75,0.14328482747077942
826,0.75,0.14324215054512024
827,0.75,0.14319911599159241
828,0.75,0.14316228032112122
829,0.75,0.14312443137168884
830,0.75,0.14308473467826843
831,0.75,0.14304336905479431
832,0.75,0.14300057291984558
833,0.75,0.14295649528503418
834,0.75,0.14291128516197205
835,0.75,0.1428651362657547
836,0.75,0.1428181380033493
837,0.75,0.14277154207229614
838,0.75,0.14272913336753845
839,0.75,0.14268913865089417
840,0.75,0.14264965057373047
841,0.75,0.14261108636856079
842,0.75,0.14257100224494934
843,0.75,0.14252959191799164
844,0.75,0.1424870640039444
845,0.75,0.14244347810745239
846,0.75,0.14240403473377228
847,0.75,0.14236044883728027
848,0.75,0.14232052862644196
849,0.75,0.14227937161922455
850,0.75,0.14224061369895935
851,0.75,0.14220060408115387
852,0.75,0.14216253161430359
853,0.75,0.14212316274642944
854,0.75,0.14208263158798218
855,0.75,0.14204105734825134
856,0.75,0.14199861884117126
857,0.75,0.1419706791639328
858,0.75,0.14192250370979309
859,0.75,0.14188545942306519
860,0.75,0.14185130596160889
861,0.75,0.14181555807590485
862,0.75,0.14177843928337097
863,0.75,0.14174005389213562
864,0.75,0.14170064032077789
865,0.75,0.14172826707363129
866,0.75,0.14162907004356384
867,0.75,0.14159631729125977
868,0.75,0.14156214892864227
869,0.75,0.14153656363487244
870,0.75,0.14150591194629669
871,0.75,0.1414702981710434
872,0.75,0.14144223928451538
873,0.75,0.14141279458999634
874,0.75,0.14138147234916687
875,0.75,0.14134843647480011
876,0.75,0.14131389558315277
877,0.75,0.1412779688835144
878,0.75,0.14124082028865814
879,0.75,0.14120262861251831
880,0.75,0.14118656516075134
881,0.75,0.14114817976951599
882,0.75,0.1410999596118927
883,0.75,0.14106869697570801
884,0.75,0.14103579521179199
885,0.75,0.14100143313407898
886,0.75,0.14096581935882568
887,0.75,0.14092907309532166
888,0.75,0.14089134335517883
889,0.75,0.14085274934768677
890,0.75,0.14081339538097382
891,0.75,0.14079576730728149
892,0.75,0.1407555490732193
893,0.75,0.14070835709571838
894,0.75,0.1406765878200531
895,0.75,0.14064344763755798
896,0.75,0.14060910046100616
897,0.75,0.14057368040084839
898,0.75,0.14053733646869659
899,0.75,0.14050012826919556
900,0.75,0.14046227931976318
901,0.75,0.14042377471923828
902,0.75,0.14039340615272522
903,0.75,0.14035291969776154
904,0.75,0.14032125473022461
905,0.75,0.14029033482074738
906,0.75,0.14025816321372986
907,0.75,0.14022490382194519
908,0.75,0.14019063115119934
909,0.75,0.14015555381774902
910,0.75,0.14011970162391663
911,0.75,0.14008322358131409
912,0.75,0.14004619419574738
913,0.75,0.14000871777534485
914,0.75,0.13997596502304077
915,0.75,0.13993816077709198
916,0.75,0.13990910351276398
917,0.75,0.1398792564868927
918,0.75,0.13984832167625427
919,0.75,0.13981637358665466
920,0.75,0.1397835910320282
921,0.75,0.13974998891353607
922,0.75,0.13971573114395142
923,0.75,0.13968090713024139
924,0.75,0.13964559137821198
925,0.75,0.13960985839366913
926,0.75,0.13958065211772919
927,0.75,0.13954412937164307
928,0.75,0.13951495289802551
929,0.75,0.13948641717433929
930,0.75,0.13945683836936951
931,0.75,0.13942632079124451
932,0.75,0.13939496874809265
933,0.75,0.13936290144920349
934,0.75,0.139330193400383
935,0.75,0.13929693400859833
936,0.75,0.13926322758197784
937,0.75,0.13922910392284393
938,0.75,0.13919466733932495
939,0.75,0.13918276131153107
940,0.75,0.13914880156517029
941,0.75,0.1391032487154007
942,0.75,0.13907581567764282
943,0.75,0.13904741406440735
944,0.75,0.13901813328266144
945,0.75,0.13898810744285583
946,0.75,0.1389574408531189
947,0.75,0.1389261782169342
948,0.75,0.13889442384243011
949,0.75,0.1388622522354126
950,0.75,0.13882967829704285
951,0.75,0.13881458342075348
952,0.75,0.13877952098846436
953,0.75,0.13874319195747375
954,0.75,0.13871720433235168
955,0.75,0.13869024813175201
956,0.75,0.13866244256496429
957,0.75,0.13863390684127808
958,0.75,0.13860473036766052
959,0.75,0.13857494294643402
960,0.75,0.13854467868804932
961,0.75,0.13851399719715118
962,0.75,0.1384829580783844
963,0.75,0.13845157623291016
964,0.75,0.13842874765396118
965,0.75,0.1383957713842392
966,0.75,0.13836830854415894
967,0.75,0.13834325969219208
968,0.75,0.13831734657287598
969,0.75,0.1382906585931778
970,0.75,0.1382632851600647
971,0.75,0.13823530077934265
972,0.75,0.13820677995681763
973,0.75,0.13817781209945679
974,0.75,0.13816408812999725
975,0.75,0.13812407851219177
976,0.75,0.13809888064861298
977,0.75,0.1380729079246521
978,0.75,0.13804627954959869
979,0.75,0.13801905512809753
980,0.75,0.13799130916595459
981,0.75,0.13796311616897583
982,0.75,0.13793453574180603
983,0.75,0.13790561258792877
984,0.75,0.137884721159935
985,0.75,0.13785400986671448
986,0.75,0.13782869279384613
987,0.75,0.13780555129051208
988,0.75,0.1377815306186676
989,0.75,0.13775677978992462
990,0.75,0.13773135840892792
991,0.75,0.13770535588264465
992,0.75,0.1376788318157196
993,0.75,0.13765186071395874
994,0.75,0.13762451708316803
995,0.75,0.13759683072566986
996,0.75,0.13756886124610901
997,0.75,0.13754066824913025
998,0.75,0.13752648234367371
999,0.75,0.13749712705612183
1000,0.75,0.13746574521064758
1001,0.75,0.13744324445724487
1002,0.75,0.13741996884346008
1003,0.75,0.13739605247974396
1004,0.75,0.13737152516841888
1005,0.75,0.13734646141529083
1006,0.75,0.13732096552848816
1007,0.75,0.13729506731033325
1008,0.75,0.13726881146430969
1009,0.75,0.13724228739738464
1010,0.75,0.13721549510955811
1011,0.75,0.13719241321086884
1012,0.75,0.13716496527194977
1013,0.75,0.13714087009429932
1014,0.75,0.13711632788181305
1015,0.75,0.13709138333797455
1016,0.75,0.13707113265991211
1017,0.75,0.13704396784305573
1018,0.75,0.13702122867107391
1019,0.75,0.13699792325496674
1020,0.75,0.13697415590286255
1021,0.75,0.13694995641708374
1022,0.75,0.13692536950111389
1023,0.75,0.13690048456192017
1024,0.75,0.13687793910503387
1025,0.75,0.13685329258441925
1026,0.75,0.13683071732521057
1027,0.75,0.1368115097284317
1028,0.75,0.13678848743438721
1029,0.75,0.13676851987838745
1030,0.75,0.136747807264328
1031,0.75,0.13672646880149841
1032,0.75,0.13670450448989868
1033,0.75,0.13668204843997955
1034,0.75,0.13665913045406342
1035,0.75,0.13663579523563385
1036,0.75,0.13661211729049683
1037,0.75,0.13658815622329712
1038,0.75,0.13656394183635712
1039,0.75,0.13653948903083801
1040,0.75,0.13651487231254578
1041,0.75,0.13650211691856384
1042,0.75,0.13647665083408356
1043,0.75,0.13644944131374359
1044,0.75,0.13642975687980652
1045,0.75,0.13640943169593811
1046,0.75,0.13638857007026672
1047,0.75,0.13636720180511475
1048,0.75,0.13634538650512695
1049,0.75,0.13632318377494812
1050,0.75,0.13630065321922302
1051,0.75,0.13627782464027405
1052,0.75,0.13625474274158478
1053,0.75,0.13623145222663879
1054,0.75,0.13620799779891968
1055,0.75,0.13619121909141541
1056,0.75,0.13616476953029633
1057,0.75,0.13614556193351746
1058,0.75,0.13612678647041321
1059,0.75,0.13610741496086121
1060,0.75,0.13608749210834503
1061,0.75,0.13606707751750946
1062,0.75,0.13604624569416046
1063,0.75,0.13602504134178162
1064,0.75,0.1360035240650177
1065,0.75,0.13598170876502991
1066,0.75,0.13595966994762421
1067,0.75,0.13593742251396179
1068,0.75,0.13591499626636505
1069,0.75,0.13589243590831757
1070,0.75,0.13586977124214172
1071,0.75,0.13586248457431793
1072,0.75,0.13583856821060181
1073,0.75,0.13580949604511261
1074,0.75,0.13579137623310089
1075,0.75,0.13577273488044739
1076,0.75,0.13575360178947449
1077,0.75,0.13573403656482697
1078,0.75,0.13571411371231079
1079,0.75,0.13569384813308716
1080,0.75,0.13567328453063965
1081,0.75,0.13565248250961304
1082,0.75,0.13563147187232971
1083,0.75,0.13561026751995087
1084,0.75,0.13558892905712128
1085,0.75,0.13556747138500214
1086,0.75,0.13556060194969177
1087,0.75,0.13553649187088013
1088,0.75,0.13551032543182373
1089,0.75,0.13549315929412842
1090,0.75,0.13547545671463013
1091,0.75,0.13545727729797363
1092,0.75,0.1354386955499649
1093,0.75,0.13541974127292633
1094,0.75,0.13540047407150269
1095,0.75,0.13538092374801636
1096,0.75,0.13536545634269714
1097,0.75,0.13534453511238098
1098,0.75,0.13532741367816925
1099,0.75,0.13530981540679932
1100,0.75,0.13529178500175476
1101,0.75,0.13527339696884155
1102,0.75,0.13525468111038208
1103,0.75,0.13523565232753754
1104,0.75,0.13521638512611389
1105,0.75,0.13519690930843353
1106,0.75,0.13517725467681885
1107,0.75,0.13515743613243103
1108,0.75,0.13513749837875366
1109,0.75,0.13511744141578674
1110,0.75,0.13510400056838989
1111,0.75,0.13508275151252747
1112,0.75,0.13506408035755157
1113,0.75,0.1350480318069458
1114,0.75,0.13503149151802063
1115,0.75,0.13501456379890442
1116,0.75,0.13499721884727478
1117,0.75,0.13497954607009888
1118,0.75,0.13496160507202148
1119,0.75,0.13494336605072021
1120,0.75,0.13492494821548462
1121,0.75,0.13490630686283112
1122,0.75,0.13488751649856567
1123,0.75,0.13486859202384949
1124,0.75,0.13484954833984375
1125,0.75,0.13483041524887085
1126,0.75,0.13482388854026794
1127,0.75,0.13480237126350403
1128,0.75,0.13477948307991028
1129,0.75,0.13476413488388062
1130,0.75,0.13474835455417633
1131,0.75,0.13473218679428101
1132,0.75,0.13471566140651703
1133,0.75,0.13469880819320679
1134,0.75,0.13468167185783386
1135,0.75,0.13466432690620422
1136,0.75,0.13464675843715668
1137,0.75,0.13462899625301361
1138,0.75,0.1346110999584198
1139,0.75,0.13459306955337524
1140,0.75,0.13457491993904114
1141,0.75,0.13455669581890106
1142,0.75,0.13454391062259674
1143,0.75,0.13452282547950745
1144,0.75,0.13450813293457031
1145,0.75,0.13455721735954285
1146,0.75,0.1344933956861496
1147,0.75,0.1345047652721405
1148,0.75,0.13449251651763916
1149,0.75,0.13445915281772614
1150,0.75,0.1344321072101593
1151,0.75,0.13442236185073853
1152,0.75,0.13441178202629089
1153,0.75,0.13440035283565521
1154,0.75,0.13438820838928223
1155,0.75,0.13437534868717194
1156,0.75,0.1343618631362915
1157,0.75,0.1343478262424469
1158,0.75,0.13433325290679932
1159,0.75,0.13431820273399353
1160,0.75,0.1343027651309967
1161,0.75,0.13428694009780884
1162,0.75,0.13427078723907471
1163,0.75,0.13425436615943909
1164,0.75,0.13423770666122437
1165,0.75,0.13422083854675293
1166,0.75,0.13420379161834717
1167,0.75,0.13418662548065186
1168,0.75,0.1341693103313446
1169,0.75,0.13415192067623138
1170,0.75,0.13413445651531219
1171,0.75,0.13411694765090942
1172,0.75,0.13411487638950348
1173,0.75,0.13408464193344116
1174,0.75,0.13406957685947418
1175,0.75,0.13405424356460571
1176,0.75,0.13403865694999695
1177,0.75,0.13402286171913147
1178,0.75,0.13400691747665405
1179,0.75,0.13399079442024231
1180,0.75,0.13398110866546631
1181,0.75,0.13396036624908447
1182,0.75,0.13394588232040405
1183,0.75,0.13393110036849976
1184,0.75,0.13391607999801636
1185,0.75,0.13390086591243744
1186,0.75,0.13388544321060181
1187,0.75,0.13386987149715424
1188,0.75,0.13385561108589172
1189,0.75,0.13384038209915161
1190,0.75,0.13382631540298462
1191,0.75,0.13381195068359375
1192,0.75,0.13379734754562378
1193,0.75,0.13378256559371948
1194,0.75,0.13376757502555847
1195,0.75,0.13375243544578552
1196,0.75,0.13374213874340057
1197,0.75,0.13372373580932617
1198,0.75,0.13370999693870544
1199,0.75,0.13369601964950562
1200,0.75,0.13368180394172668
1201,0.75,0.13366739451885223
1202,0.75,0.13365277647972107
1203,0.75,0.13363802433013916
1204,0.75,0.13362354040145874
1205,0.75,0.13361005485057831
1206,0.75,0.13359667360782623
1207,0.75,0.13358302414417267
1208,0.75,0.1335691511631012
1209,0.75,0.1335550844669342
1210,0.75,0.13354082405567169
1211,0.75,0.13352641463279724
1212,0.75,0.13351188600063324
1213,0.75,0.13349725306034088
1214,0.75,0.13348856568336487
1215,0.75,0.13346955180168152
1216,0.75,0.13345631957054138
1217,0.75,0.13344286382198334
1218,0.75,0.13342922925949097
1219,0.75,0.13341538608074188
1220,0.75,0.13340140879154205
1221,0.75,0.13338780403137207
1222,0.75,0.133374884724617
1223,0.75,0.13336218893527985
1224,0.75,0.13334925472736359
1225,0.75,0.13333606719970703
1226,0.75,0.13332270085811615
1227,0.75,0.13330917060375214
1228,0.75,0.13329550623893738
1229,0.75,0.13328170776367188
1230,0.75,0.13326777517795563
1231,0.75,0.13325376808643341
1232,0.75,0.13324525952339172
1233,0.75,0.13322728872299194
1234,0.75,0.13321466743946075
1235,0.75,0.13320179283618927
1236,0.75,0.13318876922130585
1237,0.75,0.13317558169364929
1238,0.75,0.13316226005554199
1239,0.75,0.13314984738826752
1240,0.75,0.13313698768615723
1241,0.75,0.13312488794326782
1242,0.75,0.13311254978179932
1243,0.75,0.13310001790523529
1244,0.75,0.13308727741241455
1245,0.75,0.13307441771030426
1246,0.75,0.13306652009487152
1247,0.75,0.13305038213729858
1248,0.75,0.13303905725479126
1249,0.75,0.13302743434906006
1250,0.75,0.13301557302474976
1251,0.75,0.13300345838069916
1252,0.75,0.13301900029182434
1253,0.75,0.13297785818576813
1254,0.75,0.13301913440227509
1255,0.75,0.13304266333580017
1256,0.75,0.13304510712623596
1257,0.75,0.1330285370349884
1258,0.75,0.13299508392810822
1259,0.75,0.13294669985771179
1260,0.75,0.1329142153263092
1261,0.75,0.13290813565254211
1262,0.75,0.13290131092071533
1263,0.75,0.13289377093315125
1264,0.75,0.13288556039333344
1265,0.75,0.13287676870822906
1266,0.75,0.13286739587783813
1267,0.75,0.13285751640796661
1268,0.75,0.13284717500209808
1269,0.75,0.13283640146255493
1270,0.75,0.13282522559165955
1271,0.75,0.1328137218952179
1272,0.75,0.13280192017555237
1273,0.75,0.13278985023498535
1274,0.75,0.13277754187583923
1275,0.75,0.1327650398015976
1276,0.75,0.13275238871574402
1277,0.75,0.1327395886182785
1278,0.75,0.13272666931152344
1279,0.75,0.13271363079547882
1280,0.75,0.13270056247711182
1281,0.75,0.13268740475177765
1282,0.75,0.13267421722412109
1283,0.75,0.13266099989414215
1284,0.75,0.13264776766300201
1285,0.75,0.13263452053070068
1286,0.75,0.13262131810188293
1287,0.75,0.13260811567306519
1288,0.75,0.13259494304656982
1289,0.75,0.13258178532123566
1290,0.75,0.13256868720054626
1291,0.75,0.13255561888217926
1292,0.75,0.13254258036613464
1293,0.75,0.1325296014547348
1294,0.75,0.13252551853656769
1295,0.75,0.13251501321792603
1296,0.75,0.13249525427818298
1297,0.75,0.13248497247695923
1298,0.75,0.13247446715831757
1299,0.75,0.13246375322341919
1300,0.75,0.13245284557342529
1301,0.75,0.13244180381298065
1302,0.75,0.13243059813976288
1303,0.75,0.13241928815841675
1304,0.75,0.13240784406661987
1305,0.75,0.13239635527133942
1306,0.75,0.1323847770690918
1307,0.75,0.1323731392621994
1308,0.75,0.13236671686172485
1309,0.75,0.13235113024711609
1310,0.75,0.13234063982963562
1311,0.75,0.13233000040054321
1312,0.75,0.13231919705867767
1313,0.75,0.13230828940868378
1314,0.75,0.13229726254940033
1315,0.75,0.13228675723075867
1316,0.75,0.13227632641792297
1317,0.75,0.1322663277387619
1318,0.75,0.13225612044334412
1319,0.75,0.1322457492351532
1320,0.75,0.13223524391651154
1321,0.75,0.13222461938858032
1322,0.75,0.13221384584903717
1323,0.75,0.13220301270484924
1324,0.75,0.13219207525253296
1325,0.75,0.13218109309673309
1326,0.75,0.13217003643512726
1327,0.75,0.13216257095336914
1328,0.75,0.1321491152048111
1329,0.75,0.13213914632797241
1330,0.75,0.1321290135383606
1331,0.75,0.13211874663829803
1332,0.75,0.13210837543010712
1333,0.75,0.13209789991378784
1334,0.75,0.13209095597267151
1335,0.75,0.13207834959030151
1336,0.75,0.13206911087036133
1337,0.75,0.13205967843532562
1338,0.75,0.13205006718635559
1339,0.75,0.13204029202461243
1340,0.75,0.13203036785125732
1341,0.75,0.13202030956745148
1342,0.75,0.13201016187667847
1343,0.75,0.13199989497661591
1344,0.75,0.13198955357074738
1345,0.75,0.13197913765907288
1346,0.75,0.13196867704391479
1347,0.75,0.13195925951004028
1348,0.75,0.13194885849952698
1349,0.75,0.13193938136100769
1350,0.75,0.13192978501319885
1351,0.75,0.13192003965377808
1352,0.75,0.13191017508506775
1353,0.75,0.13190023601055145
1354,0.75,0.1318901926279068
1355,0.75,0.13188007473945618
1356,0.75,0.13187408447265625
1357,0.75,0.13186091184616089
1358,0.75,0.13185174763202667
1359,0.75,0.13184243440628052
1360,0.75,0.13183298707008362
1361,0.75,0.13182340562343597
1362,0.75,0.13181374967098236
1363,0.75,0.13180398941040039
1364,0.75,0.13179415464401245
1365,0.75,0.13178426027297974
1366,0.75,0.1317761093378067
1367,0.75,0.13176548480987549
1368,0.75,0.1317564994096756
1369,0.75,0.13174737989902496
1370,0.75,0.13173814117908478
1371,0.75,0.13172878324985504
1372,0.75,0.13171932101249695
1373,0.75,0.13170978426933289
1374,0.75,0.13170017302036285
1375,0.75,0.13169050216674805
1376,0.75,0.13168074190616608
1377,0.75,0.13167598843574524
1378,0.75,0.13166233897209167
1379,0.75,0.13165353238582611
1380,0.75,0.1316445916891098
1381,0.75,0.13163554668426514
1382,0.75,0.13162638247013092
1383,0.75,0.13161712884902954
1384,0.75,0.13160780072212219
1385,0.75,0.13159842789173126
1386,0.75,0.1315905749797821
1387,0.75,0.13158060610294342
1388,0.75,0.13157209753990173
1389,0.75,0.13156342506408691
1390,0.75,0.13155463337898254
1391,0.75,0.13154573738574982
1392,0.75,0.13153678178787231
1393,0.75,0.13152769207954407
1394,0.75,0.13151852786540985
1395,0.75,0.13150933384895325
1396,0.75,0.13150009512901306
1397,0.75,0.13149102032184601
1398,0.75,0.13148254156112671
1399,0.75,0.13147416710853577
1400,0.75,0.13147050142288208
1401,0.75,0.13147446513175964
1402,0.75,0.13150562345981598
1403,0.75,0.13152062892913818
1404,0.75,0.131519615650177
1405,0.75,0.13150429725646973
1406,0.75,0.13147619366645813
1407,0.75,0.13143694400787354
1408,0.75,0.13141787052154541
1409,0.75,0.13141429424285889
1410,0.75,0.13141018152236938
1411,0.75,0.1314055323600769
1412,0.75,0.13140037655830383
1413,0.75,0.13139474391937256
1414,0.75,0.13138866424560547
1415,0.75,0.13138213753700256
1416,0.75,0.13137525320053101
1417,0.75,0.1313679963350296
1418,0.75,0.13136044144630432
1419,0.75,0.13135260343551636
1420,0.75,0.1313444972038269
1421,0.75,0.13133618235588074
1422,0.75,0.13132765889167786
1423,0.75,0.13131897151470184
1424,0.75,0.13131013512611389
1425,0.75,0.13130119442939758
1426,0.75,0.13129213452339172
1427,0.75,0.1312829852104187
1428,0.75,0.13127376139163971
1429,0.75,0.13126447796821594
1430,0.75,0.13125519454479218
1431,0.75,0.13124585151672363
1432,0.75,0.13123650848865509
1433,0.75,0.13122713565826416
1434,0.75,0.13121777772903442
1435,0.75,0.13120844960212708
1436,0.75,0.13119909167289734
1437,0.75,0.13118979334831238
1438,0.75,0.13118049502372742
1439,0.75,0.13117125630378723
1440,0.75,0.13116201758384705
1441,0.75,0.13115283846855164
1442,0.75,0.13114367425441742
1443,0.75,0.13113453984260559
1444,0.75,0.13112546503543854
1445,0.75,0.13111642003059387
1446,0.75,0.13110741972923279
1447,0.75,0.13110820949077606
1448,0.75,0.13109077513217926
1449,0.75,0.13108301162719727
1450,0.75,0.13107515871524811
1451,0.75,0.1310671865940094
1452,0.75,0.1310591995716095
1453,0.75,0.13105112314224243
1454,0.75,0.13104301691055298
1455,0.75,0.13103486597537994
1456,0.75,0.1310320645570755
1457,0.75,0.13102027773857117
1458,0.75,0.13101300597190857
1459,0.75,0.1310063898563385
1460,0.75,0.13099958002567291
1461,0.75,0.13099262118339539
1462,0.75,0.13098549842834473
1463,0.75,0.13097825646400452
1464,0.75,0.13097088038921356
1465,0.75,0.13096340000629425
1466,0.75,0.13095584511756897
1467,0.75,0.13094818592071533
1468,0.75,0.13094048202037811
1469,0.75,0.13093270361423492
1470,0.75,0.13092489540576935
1471,0.75,0.1309170126914978
1472,0.75,0.13090908527374268
1473,0.75,0.13090117275714874
1474,0.75,0.13089323043823242
1475,0.75,0.13088525831699371
1476,0.75,0.13087725639343262
1477,0.75,0.13086926937103271
1478,0.75,0.13086128234863281
1479,0.75,0.13085734844207764
1480,0.75,0.1308472752571106
1481,0.75,0.13083985447883606
1482,0.75,0.13083337247371674
1483,0.75,0.13082674145698547
1484,0.75,0.13081997632980347
1485,0.75,0.13081307709217072
1486,0.75,0.13080607354640961
1487,0.75,0.13079899549484253
1488,0.75,0.13079181313514709
1489,0.75,0.13078457117080688
1490,0.75,0.13077723979949951
1491,0.75,0.13076986372470856
1492,0.75,0.13076244294643402
1493,0.75,0.1307549774646759
1494,0.75,0.1307474672794342
1495,0.75,0.13073994219303131
1496,0.75,0.13073235750198364
1497,0.75,0.13072480261325836
1498,0.75,0.13071723282337189
1499,0.75,0.13070961833000183
1500,0.75,0.13070201873779297
1501,0.75,0.13069950044155121
1502,0.75,0.1306895911693573
1503,0.75,0.13068163394927979
1504,0.75,0.13067547976970673
1505,0.75,0.13066917657852173
1506,0.75,0.13066272437572479
1507,0.75,0.13065615296363831
1508,0.75,0.13064950704574585
1509,0.75,0.13064275681972504
1510,0.75,0.13063593208789825
1511,0.75,0.13062901794910431
1512,0.75,0.13062204420566559
1513,0.75,0.13061502575874329
1514,0.75,0.13060794770717621
1515,0.75,0.13060083985328674
1516,0.75,0.1305936872959137
1517,0.75,0.13058651983737946
1518,0.75,0.13057932257652283
1519,0.75,0.130572110414505
1520,0.75,0.13056488335132599
1521,0.75,0.13055764138698578
1522,0.75,0.13055039942264557
1523,0.75,0.1305452287197113
1524,0.75,0.13053670525550842
1525,0.75,0.13053017854690552
1526,0.75,0.13052357733249664
1527,0.75,0.13051688671112061
1528,0.75,0.13051016628742218
1529,0.75,0.13050340116024017
1530,0.75,0.13049657642841339
1531,0.75,0.13049231469631195
1532,0.75,0.13048365712165833
1533,0.75,0.13047745823860168
1534,0.75,0.13047114014625549
1535,0.75,0.13046476244926453
1536,0.75,0.13045832514762878
1537,0.75,0.13045179843902588
1538,0.75,0.13044524192810059
1539,0.75,0.13043859601020813
1540,0.75,0.13043193519115448
1541,0.75,0.13042522966861725
1542,0.75,0.13041849434375763
1543,0.75,0.13041174411773682
1544,0.75,0.13040846586227417
1545,0.75,0.13039892911911011
1546,0.75,0.13039283454418182
1547,0.75,0.13038662075996399
1548,0.75,0.13038036227226257
1549,0.75,0.13037402927875519
1550,0.75,0.13036927580833435
1551,0.75,0.13036215305328369
1552,0.75,0.13035653531551361
1553,0.75,0.13035078346729279
1554,0.75,0.1303449273109436
1555,0.75,0.13033898174762726
1556,0.75,0.13033291697502136
1557,0.75,0.1303267776966095
1558,0.75,0.13032057881355286
1559,0.75,0.13031432032585144
1560,0.75,0.13030798733234406
1561,0.75,0.13030163943767548
1562,0.75,0.13029521703720093
1563,0.75,0.13028879463672638
1564,0.75,0.13028231263160706
1565,0.75,0.13027583062648773
1566,0.75,0.13026931881904602
1567,0.75,0.13026279211044312
1568,0.75,0.13025623559951782
1569,0.75,0.13025230169296265
1570,0.75,0.13024388253688812
1571,0.75,0.13023798167705536
1572,0.75,0.13023200631141663
1573,0.75,0.13022598624229431
1574,0.75,0.13021989166736603
1575,0.75,0.13021376729011536
1576,0.75,0.13020758330821991
1577,0.75,0.1302029937505722
1578,0.75,0.13019585609436035
1579,0.75,0.13019022345542908
1580,0.75,0.13018451631069183
1581,0.75,0.13017871975898743
1582,0.75,0.13017287850379944
1583,0.75,0.13016694784164429
1584,0.75,0.13016098737716675
1585,0.75,0.13015496730804443
1586,0.75,0.13014890253543854
1587,0.75,0.13014280796051025
1588,0.75,0.13013666868209839
1589,0.75,0.13013052940368652
1590,0.75,0.13012436032295227
1591,0.75,0.13012145459651947
1592,0.75,0.13011267781257629
1593,0.75,0.13010710477828979
1594,0.75,0.13010144233703613
1595,0.75,0.1300957202911377
1596,0.75,0.13008993864059448
1597,0.75,0.13008411228656769
1598,0.75,0.13007822632789612
1599,0.75,0.13007232546806335
1600,0.75,0.13006637990474701
1601,0.75,0.13006153702735901
1602,0.75,0.13005509972572327
1603,0.75,0.13004970550537109
1604,0.75,0.13004422187805176
1605,0.75,0.13003867864608765
1606,0.75,0.13003307580947876
1607,0.75,0.1300273984670639
1608,0.75,0.13002169132232666
1609,0.75,0.13003042340278625
1610,0.75,0.13003157079219818
1611,0.75,0.13006399571895599
1612,0.75,0.1300828754901886
1613,0.75,0.13008944690227509
1614,0.75,0.13008488714694977
1615,0.75,0.13007037341594696
1616,0.75,0.13004708290100098
1617,0.75,0.13001608848571777
1618,0.75,0.12998116016387939
1619,0.75,0.12997911870479584
1620,0.75,0.12997671961784363
1621,0.75,0.12997396290302277
1622,0.75,0.12997087836265564
1623,0.75,0.12996743619441986
1624,0.75,0.12996369600296021
1625,0.75,0.12995965778827667
1626,0.75,0.12995535135269165
1627,0.75,0.12995082139968872
1628,0.75,0.1299460232257843
1629,0.75,0.12994106113910675
1630,0.75,0.12993589043617249
1631,0.75,0.12993055582046509
1632,0.75,0.12992510199546814
1633,0.75,0.12991949915885925
1634,0.75,0.1299138069152832
1635,0.75,0.12990804016590118
1636,0.75,0.12990216910839081
1637,0.75,0.12989623844623566
1638,0.75,0.12989026308059692
1639,0.75,0.12988424301147461
1640,0.75,0.1298782080411911
1641,0.75,0.12987214326858521
1642,0.75,0.12986607849597931
1643,0.75,0.12985998392105103
1644,0.75,0.12985390424728394
1645,0.75,0.12984782457351685
1646,0.75,0.12984175980091095
1647,0.75,0.12983572483062744
1648,0.75,0.12982967495918274
1649,0.75,0.12982366979122162
1650,0.75,0.12981767952442169
1651,0.75,0.12981170415878296
1652,0.75,0.12980575859546661
1653,0.75,0.12979982793331146
1654,0.75,0.1297939270734787
1655,0.75,0.12978804111480713
1656,0.75,0.12978222966194153
1657,0.75,0.12977640330791473
1658,0.75,0.12977059185504913
1659,0.75,0.12976484000682831
1660,0.75,0.12975910305976868
1661,0.75,0.12975361943244934
1662,0.75,0.12974831461906433
1663,0.75,0.12974318861961365
1664,0.75,0.12973804771900177
1665,0.75,0.12973342835903168
1666,0.75,0.12972874939441681
1667,0.75,0.12972396612167358
1668,0.75,0.12971913814544678
1669,0.75,0.129714235663414
1670,0.75,0.12970927357673645
1671,0.75,0.12970426678657532
1672,0.75,0.12969918549060822
1673,0.75,0.12969408929347992
1674,0.75,0.12968894839286804
1675,0.75,0.12968377768993378
1676,0.75,0.12967890501022339
1677,0.75,0.12967413663864136
1678,0.75,0.12966956198215485
1679,0.75,0.12966492772102356
1680,0.75,0.12966020405292511
1681,0.75,0.12965543568134308
1682,0.75,0.12965059280395508
1683,0.75,0.1296457052230835
1684,0.75,0.12964075803756714
1685,0.75,0.12963578104972839
1686,0.75,0.12963077425956726
1687,0.75,0.12962573766708374
1688,0.75,0.12962068617343903
1689,0.75,0.12961558997631073
1690,0.75,0.12961047887802124
1691,0.75,0.12960538268089294
1692,0.75,0.12960025668144226
1693,0.75,0.12959513068199158
1694,0.75,0.12959100306034088
1695,0.75,0.1295853853225708
1696,0.75,0.12958075106143951
1697,0.75,0.12957605719566345
1698,0.75,0.12957130372524261
1699,0.75,0.12956653535366058
1700,0.75,0.12956169247627258
1701,0.75,0.12955683469772339
1702,0.75,0.12955197691917419
1703,0.75,0.12954705953598022
1704,0.75,0.12954410910606384
1705,0.75,0.12953774631023407
1706,0.75,0.12953329086303711
1707,0.75,0.12952876091003418
1708,0.75,0.12952417135238647
1709,0.75,0.12951955199241638
1710,0.75,0.12951488792896271
1711,0.75,0.12951016426086426
1712,0.75,0.12950542569160461
1713,0.75,0.12950065732002258
1714,0.75,0.12949585914611816
1715,0.75,0.12949103116989136
1716,0.75,0.12948620319366455
1717,0.75,0.12948176264762878
1718,0.75,0.12947702407836914
1719,0.75,0.12947262823581696
1720,0.75,0.12946817278862
1721,0.75,0.12946368753910065
1722,0.75,0.12945912778377533
1723,0.75,0.12945455312728882
1724,0.75,0.12944993376731873
1725,0.75,0.12944528460502625
1726,0.75,0.12944060564041138
1727,0.75,0.12943589687347412
1728,0.75,0.12943118810653687
1729,0.75,0.12942644953727722
1730,0.75,0.129423588514328
1731,0.75,0.12941747903823853
1732,0.75,0.1294131726026535
1733,0.75,0.1294088214635849
1734,0.75,0.12940442562103271
1735,0.75,0.12939998507499695
1736,0.75,0.12939548492431641
1737,0.75,0.12939098477363586
1738,0.75,0.12938643991947174
1739,0.75,0.12938186526298523
1740,0.75,0.12937727570533752
1741,0.75,0.12937268614768982
1742,0.75,0.12936919927597046
1743,0.75,0.12936392426490784
1744,0.75,0.12935972213745117
1745,0.75,0.12935549020767212
1746,0.75,0.12935119867324829
1747,0.75,0.12934686243534088
1748,0.75,0.12934249639511108
1749,0.75,0.12933808565139771
1750,0.75,0.12933364510536194
1751,0.75,0.12932917475700378
1752,0.75,0.12932468950748444
1753,0.75,0.12932018935680389
1754,0.75,0.12931564450263977
1755,0.75,0.12931248545646667
1756,0.75,0.1293070912361145
1757,0.75,0.129302978515625
1758,0.75,0.12929882109165192
1759,0.75,0.12929460406303406
1760,0.75,0.129290372133255
1761,0.75,0.12928609549999237
1762,0.75,0.12928177416324615
1763,0.75,0.12927742302417755
1764,0.75,0.12927305698394775
1765,0.75,0.12926866114139557
1766,0.75,0.12926426529884338
1767,0.75,0.12926001846790314
1768,0.75,0.12925590574741364
1769,0.75,0.12925191223621368
1770,0.75,0.12924784421920776
1771,0.75,0.12924376130104065
1772,0.75,0.12923960387706757
1773,0.75,0.12923543155193329
1774,0.75,0.12923119962215424
1775,0.75,0.12922695279121399
1776,0.75,0.12922270596027374
1777,0.75,0.12921839952468872
1778,0.75,0.1292140930891037
1779,0.75,0.12920975685119629
1780,0.75,0.12920543551445007
1781,0.75,0.12920376658439636
1782,0.75,0.12919721007347107
1783,0.75,0.12919327616691589
1784,0.75,0.12918931245803833
1785,0.75,0.1291852742433548
1786,0.75,0.12918120622634888
1787,0.75,0.12917712330818176
1788,0.75,0.12917299568653107
1789,0.75,0.12916883826255798
1790,0.75,0.12916466593742371
1791,0.75,0.12916046380996704
1792,0.75,0.12915812432765961
1793,0.75,0.12915262579917908
1794,0.75,0.12914891541004181
1795,0.75,0.12914514541625977
1796,0.75,0.12914131581783295
1797,0.75,0.12913745641708374
1798,0.75,0.12913352251052856
1799,0.75,0.12912957370281219
1800,0.75,0.12912556529045105
1801,0.75,0.12912154197692871
1802,0.75,0.12911747395992279
1803,0.75,0.12911342084407806
1804,0.75,0.12910932302474976
1805,0.75,0.12910521030426025
1806,0.75,0.12910108268260956
1807,0.75,0.12909913063049316
1808,0.75,0.12909324467182159
1809,0.75,0.12908950448036194
1810,0.75,0.1290857195854187
1811,0.75,0.12908187508583069
1812,0.75,0.12907801568508148
1813,0.75,0.1290740966796875
1814,0.75,0.12907016277313232
1815,0.75,0.12906619906425476
1816,0.75,0.12906220555305481
1817,0.75,0.12905819714069366
1818,0.75,0.12905445694923401
1819,0.75,0.129050612449646
1820,0.75,0.12904694676399231
1821,0.75,0.12904325127601624
1822,0.75,0.12903952598571777
1823,0.75,0.12903574109077454
1824,0.75,0.12903192639350891
1825,0.75,0.1290280818939209
1826,0.75,0.12902422249317169
1827,0.75,0.1290203332901001
1828,0.75,0.12901639938354492
1829,0.75,0.12901246547698975
1830,0.75,0.12900853157043457
1831,0.75,0.12900453805923462
1832,0.75,0.12900099158287048
1833,0.75,0.12899702787399292
1834,0.75,0.1289934366941452
1835,0.75,0.1289898157119751
1836,0.75,0.12898612022399902
1837,0.75,0.12898239493370056
1838,0.75,0.12897863984107971
1839,0.75,0.12897485494613647
1840,0.75,0.12897107005119324
1841,0.75,0.12896725535392761
1842,0.75,0.1289634108543396
1843,0.75,0.12895955145359039
1844,0.75,0.12895567715167999
1845,0.75,0.12895330786705017
1846,0.75,0.12894834578037262
1847,0.75,0.12894482910633087
1848,0.75,0.12894126772880554
1849,0.75,0.12893769145011902
1850,0.75,0.12893405556678772
1851,0.75,0.12893038988113403
1852,0.75,0.12892669439315796
1853,0.75,0.12892299890518188
1854,0.75,0.12891924381256104
1855,0.75,0.12891548871994019
1856,0.75,0.12891171872615814
1857,0.75,0.1289079338312149
1858,0.75,0.1289057731628418
1859,0.75,0.12890078127384186
1860,0.75,0.12889733910560608
1861,0.75,0.12889385223388672
1862,0.75,0.12889033555984497
1863,0.75,0.12888677418231964
1864,0.75,0.12888321280479431
1865,0.75,0.1288796067237854
1866,0.75,0.1288759708404541
1867,0.75,0.12887232005596161
1868,0.75,0.12886862456798553
1869,0.75,0.12886495888233185
1870,0.75,0.12886126339435577
1871,0.75,0.12885887920856476
1872,0.75,0.12885424494743347
1873,0.75,0.12885086238384247
1874,0.75,0.12884747982025146
1875,0.75,0.12884403765201569
1876,0.75,0.12884056568145752
1877,0.75,0.12883706390857697
1878,0.75,0.12883351743221283
1879,0.75,0.12882997095584869
1880,0.75,0.12882639467716217
1881,0.75,0.12882280349731445
1882,0.75,0.12882547080516815
1883,0.75,0.12882603704929352
1884,0.75,0.12882855534553528
1885,0.75,0.12882395088672638
1886,0.75,0.12881502509117126
1887,0.75,0.12881416082382202
1888,0.75,0.12881310284137726
1889,0.75,0.12881182134151459
1890,0.75,0.1288103312253952
1891,0.75,0.12880869209766388
1892,0.75,0.12880697846412659
1893,0.75,0.12880504131317139
1894,0.75,0.12880299985408783
1895,0.75,0.12880076467990875
1896,0.75,0.12879838049411774
1897,0.75,0.12879584729671478
1898,0.75,0.12879320979118347
1899,0.75,0.1287904679775238
1900,0.75,0.12878762185573578
1901,0.75,0.1287846565246582
1902,0.75,0.12878161668777466
1903,0.75,0.12877848744392395
1904,0.75,0.12877531349658966
1905,0.75,0.12877386808395386
1906,0.75,0.12876923382282257
1907,0.75,0.12876628339290619
1908,0.75,0.12876325845718384
1909,0.75,0.12876015901565552
1910,0.75,0.12875699996948242
1911,0.75,0.12875376641750336
1912,0.75,0.12875047326087952
1913,0.75,0.12874715030193329
1914,0.75,0.12874376773834229
1915,0.75,0.12874035537242889
1916,0.75,0.12873691320419312
1917,0.75,0.12873344123363495
1918,0.75,0.12872996926307678
1919,0.75,0.12872645258903503
1920,0.75,0.12872341275215149
1921,0.75,0.12871980667114258
1922,0.75,0.12871664762496948
1923,0.75,0.12871341407299042
1924,0.75,0.12871015071868896
1925,0.75,0.12870684266090393
1926,0.75,0.12870350480079651
1927,0.75,0.1287001371383667
1928,0.75,0.1286967545747757
1929,0.75,0.12869332730770111
1930,0.75,0.12868990004062653
1931,0.75,0.12868644297122955
1932,0.75,0.12868298590183258
1933,0.75,0.12867951393127441
1934,0.75,0.12867602705955505
1935,0.75,0.12867254018783569
1936,0.75,0.12866905331611633
1937,0.75,0.12866556644439697
1938,0.75,0.12866204977035522
1939,0.75,0.12865856289863586
1940,0.75,0.12865583598613739
1941,0.75,0.1286519467830658
1942,0.75,0.1286487877368927
1943,0.75,0.12864559888839722
1944,0.75,0.12864238023757935
1945,0.75,0.12863914668560028
1946,0.75,0.12863585352897644
1947,0.75,0.12863259017467499
1948,0.75,0.12862929701805115
1949,0.75,0.12862595915794373
1950,0.75,0.1286226361989975
1951,0.75,0.12861929833889008
1952,0.75,0.12861593067646027
1953,0.75,0.12861257791519165
1954,0.75,0.12860922515392303
1955,0.75,0.12860585749149323
1956,0.75,0.12860247492790222
1957,0.75,0.12859910726547241
1958,0.75,0.1285957545042038
1959,0.75,0.1285923570394516
1960,0.75,0.12859003245830536
1961,0.75,0.12858596444129944
1962,0.75,0.1285829097032547
1963,0.75,0.12857981026172638
1964,0.75,0.12857669591903687
1965,0.75,0.12857355177402496
1966,0.75,0.12857037782669067
1967,0.75,0.12856720387935638
1968,0.75,0.12856402993202209
1969,0.75,0.12856079638004303
1970,0.75,0.12855759263038635
1971,0.75,0.12855435907840729
1972,0.75,0.12855114042758942
1973,0.75,0.12854789197444916
1974,0.75,0.12854519486427307
1975,0.75,0.1285417228937149
1976,0.75,0.12853875756263733
1977,0.75,0.12853577733039856
1978,0.75,0.1285327672958374
1979,0.75,0.12852972745895386
1980,0.75,0.12852667272090912
1981,0.75,0.1285235732793808
1982,0.75,0.12852047383785248
1983,0.75,0.12851735949516296
1984,0.75,0.12851423025131226
1985,0.75,0.12851108610630035
1986,0.75,0.12850794196128845
1987,0.75,0.12850478291511536
1988,0.75,0.12850160896778107
1989,0.75,0.12849844992160797
1990,0.75,0.12849739193916321
1991,0.75,0.12849244475364685
1992,0.75,0.12848955392837524
1993,0.75,0.12848666310310364
1994,0.75,0.12848375737667084
1995,0.75,0.12848079204559326
1996,0.75,0.12847781181335449
1997,0.75,0.12847481667995453
1998,0.75,0.12847177684307098
1999,0.75,0.12846876680850983
2000,0.75,0.12846571207046509
2001,0.75,0.12846264243125916
2002,0.75,0.12846088409423828
2003,0.75,0.12845681607723236
2004,0.75,0.12845404446125031
2005,0.75,0.12845122814178467
2006,0.75,0.12844838201999664
2007,0.75,0.12844550609588623
2008,0.75,0.12844258546829224
2009,0.75,0.12843964993953705
2010,0.75,0.12843669950962067
2011,0.75,0.12843373417854309
2012,0.75,0.12843075394630432
2013,0.75,0.12842777371406555
2014,0.75,0.12842476367950439
2015,0.75,0.12842175364494324
2016,0.75,0.12841975688934326
2017,0.75,0.12841601669788361
2018,0.75,0.12841328978538513
2019,0.75,0.12841051816940308
2020,0.75,0.12840770184993744
2021,0.75,0.12840485572814941
2022,0.75,0.12840200960636139
2023,0.75,0.12839913368225098
2024,0.75,0.12839625775814056
2025,0.75,0.12839333713054657
2026,0.75,0.12839041650295258
2027,0.75,0.12838748097419739
2028,0.75,0.12838453054428101
2029,0.75,0.12838232517242432
2030,0.75,0.12837892770767212
2031,0.75,0.12837624549865723
2032,0.75,0.12837354838848114
2033,0.75,0.12837080657482147
2034,0.75,0.12836803495883942
2035,0.75,0.12836524844169617
2036,0.75,0.12836243212223053
2037,0.75,0.1283595860004425
2038,0.75,0.12835672497749329
2039,0.75,0.12835387885570526
2040,0.75,0.12835098803043365
2041,0.75,0.12834811210632324
2042,0.75,0.12834520637989044
2043,0.75,0.12834395468235016
2044,0.75,0.12833970785140991
2045,0.75,0.12833708524703979
2046,0.75,0.12833443284034729
2047,0.75,0.1283317357301712
2048,0.75,0.12832902371883392
2049,0.75,0.12832626700401306
2050,0.75,0.12832352519035339
2051,0.75,0.12832073867321014
2052,0.75,0.1283179372549057
2053,0.75,0.12831515073776245
2054,0.75,0.12831231951713562
2055,0.75,0.12830951809883118
2056,0.75,0.12830698490142822
2057,0.75,0.12830439209938049
2058,0.75,0.12830179929733276
2059,0.75,0.12829917669296265
2060,0.75,0.12829652428627014
2061,0.75,0.12829384207725525
2062,0.75,0.12829115986824036
2063,0.75,0.12828844785690308
2064,0.75,0.12828569114208221
2065,0.75,0.12828293442726135
2066,0.75,0.12828017771244049
2067,0.75,0.12827740609645844
2068,0.75,0.12827463448047638
2069,0.75,0.12827184796333313
2070,0.75,0.12827056646347046
2071,0.75,0.12826654314994812
2072,0.75,0.12826400995254517
2073,0.75,0.12826144695281982
2074,0.75,0.12825885415077209
2075,0.75,0.12825626134872437
2076,0.75,0.12825363874435425
2077,0.75,0.12825098633766174
2078,0.75,0.12824828922748566
2079,0.75,0.12824562191963196
2080,0.75,0.12824292480945587
2081,0.75,0.12824021279811859
2082,0.75,0.12823796272277832
2083,0.75,0.12823507189750671
2084,0.75,0.12823262810707092
2085,0.75,0.12823013961315155
2086,0.75,0.1282275915145874
2087,0.75,0.12822505831718445
2088,0.75,0.12822248041629791
2089,0.75,0.12821987271308899
2090,0.75,0.12821727991104126
2091,0.75,0.12821465730667114
2092,0.75,0.12821200489997864
2093,0.75,0.12820935249328613
2094,0.75,0.12820670008659363
2095,0.75,0.12820403277873993
2096,0.75,0.12820138037204742
2097,0.75,0.12819898128509521
2098,0.75,0.12819655239582062
2099,0.75,0.12819409370422363
2100,0.75,0.12819160521030426
2101,0.75,0.12818910181522369
2102,0.75,0.12818656861782074
2103,0.75,0.12818402051925659
2104,0.75,0.12818145751953125
2105,0.75,0.12817887961864471
2106,0.75,0.12817628681659698
2107,0.75,0.12817367911338806
2108,0.75,0.12817108631134033
2109,0.75,0.12816846370697021
2110,0.75,0.12816682457923889
2111,0.75,0.12816350162029266
2112,0.75,0.12816111743450165
2113,0.75,0.12815871834754944
2114,0.75,0.12815627455711365
2115,0.75,0.12815381586551666
2116,0.75,0.12815135717391968
2117,0.75,0.12814886868000031
2118,0.75,0.12814633548259735
2119,0.75,0.12814381718635559
2120,0.75,0.12814128398895264
2121,0.75,0.12813873589038849
2122,0.75,0.12813618779182434
2123,0.75,0.12813407182693481
2124,0.75,0.12813133001327515
2125,0.75,0.12812900543212891
2126,0.75,0.12812663614749908
2127,0.75,0.12812426686286926
2128,0.75,0.12812186777591705
2129,0.75,0.12811943888664246
2130,0.75,0.12811699509620667
2131,0.75,0.12811455130577087
2132,0.75,0.1281120777130127
2133,0.75,0.12810958921909332
2134,0.75,0.12810708582401276
2135,0.75,0.12810459733009338
2136,0.75,0.12810209393501282
2137,0.75,0.12810000777244568
2138,0.75,0.12809732556343079
2139,0.75,0.12809504568576813
2140,0.75,0.12809273600578308
2141,0.75,0.12809041142463684
2142,0.75,0.12808805704116821
2143,0.75,0.1280856728553772
2144,0.75,0.12808328866958618
2145,0.75,0.12808087468147278
2146,0.75,0.12807844579219818
2147,0.75,0.12807601690292358
2148,0.75,0.12807357311248779
2149,0.75,0.12807109951972961
2150,0.75,0.12806865572929382
2151,0.75,0.12806737422943115
2152,0.75,0.12806400656700134
2153,0.75,0.12806178629398346
2154,0.75,0.1280595064163208
2155,0.75,0.12805724143981934
2156,0.75,0.12805494666099548
2157,0.75,0.12805262207984924
2158,0.75,0.12805026769638062
2159,0.75,0.12804792821407318
2160,0.75,0.12804554402828217
2161,0.75,0.12804317474365234
2162,0.75,0.12804076075553894
2163,0.75,0.12803836166858673
2164,0.75,0.12803621590137482
2165,0.75,0.12803381681442261
2166,0.75,0.12803161144256592
2167,0.75,0.12802940607070923
2168,0.75,0.12802717089653015
2169,0.75,0.12802490592002869
2170,0.75,0.12803027033805847
2171,0.75,0.12804119288921356
2172,0.75,0.12807074189186096
2173,0.75,0.12809647619724274
2174,0.75,0.12811410427093506
2175,0.75,0.12812428176403046
2176,0.75,0.12812772393226624
2177,0.75,0.12812504172325134
2178,0.75,0.12811696529388428
2179,0.75,0.12810406088829041
2180,0.75,0.12808695435523987
2181,0.75,0.12806618213653564
2182,0.75,0.12804228067398071
2183,0.75,0.12801572680473328
2184,0.75,0.12800690531730652
2185,0.75,0.12800702452659607
2186,0.75,0.12800686061382294
2187,0.75,0.1280064731836319
2188,0.75,0.12800583243370056
2189,0.75,0.12800496816635132
2190,0.75,0.12800383567810059
2191,0.75,0.12800250947475433
2192,0.75,0.12800095975399017
2193,0.75,0.12799924612045288
2194,0.75,0.12799733877182007
2195,0.75,0.12799531221389771
2196,0.75,0.1279931366443634
2197,0.75,0.12799084186553955
2198,0.75,0.12798842787742615
2199,0.75,0.12798595428466797
2200,0.75,0.12798342108726501
2201,0.75,0.1279807984828949
2202,0.75,0.12797814607620239
2203,0.75,0.12797544896602631
2204,0.75,0.12797272205352783
2205,0.75,0.12796998023986816
2206,0.75,0.1279672384262085
2207,0.75,0.12796446681022644
2208,0.75,0.12796172499656677
2209,0.75,0.12795895338058472
2210,0.75,0.12795621156692505
2211,0.75,0.12795346975326538
2212,0.75,0.1279507577419281
2213,0.75,0.12794806063175201
2214,0.75,0.12794537842273712
2215,0.75,0.12794272601604462
2216,0.75,0.12794005870819092
2217,0.75,0.12793745100498199
2218,0.75,0.12793484330177307
2219,0.75,0.12793229520320892
2220,0.75,0.12792971730232239
2221,0.75,0.12792719900608063
2222,0.75,0.12792468070983887
2223,0.75,0.12792219221591949
2224,0.75,0.12791971862316132
2225,0.75,0.12791727483272552
2226,0.75,0.12791481614112854
2227,0.75,0.12791240215301514
2228,0.75,0.12791000306606293
2229,0.75,0.12790761888027191
2230,0.75,0.1279052346944809
2231,0.75,0.12790289521217346
2232,0.75,0.12790054082870483
2233,0.75,0.12789818644523621
2234,0.75,0.12789586186408997
2235,0.75,0.12789356708526611
2236,0.75,0.12789125740528107
2237,0.75,0.12788897752761841
2238,0.75,0.12788666784763336
2239,0.75,0.1278844028711319
2240,0.75,0.12788213789463043
2241,0.75,0.12787985801696777
2242,0.75,0.1278776079416275
2243,0.75,0.12787535786628723
2244,0.75,0.12787312269210815
2245,0.75,0.12787087261676788
2246,0.75,0.12786865234375
2247,0.75,0.12786641716957092
2248,0.75,0.12786419689655304
2249,0.75,0.12786196172237396
2250,0.75,0.12785977125167847
2251,0.75,0.12785755097866058
2252,0.75,0.12785536050796509
2253,0.75,0.1278531402349472
2254,0.75,0.12785094976425171
2255,0.75,0.12784875929355621
2256,0.75,0.12784656882286072
2257,0.75,0.12784439325332642
2258,0.75,0.12784218788146973
2259,0.75,0.12784001231193542
2260,0.75,0.12783783674240112
2261,0.75,0.12783566117286682
2262,0.75,0.12783348560333252
2263,0.75,0.12783277034759521
2264,0.75,0.12782944738864899
2265,0.75,0.12782755494117737
2266,0.75,0.12782573699951172
2267,0.75,0.12782388925552368
2268,0.75,0.12782198190689087
2269,0.75,0.12782010436058044
2270,0.75,0.12781818211078644
2271,0.75,0.12781625986099243
2272,0.75,0.12781429290771484
2273,0.75,0.12781232595443726
2274,0.75,0.12781032919883728
2275,0.75,0.1278083324432373
2276,0.75,0.12780633568763733
2277,0.75,0.12780429422855377
2278,0.75,0.12780226767063141
2279,0.75,0.12780024111270905
2280,0.75,0.12779819965362549
2281,0.75,0.12779614329338074
2282,0.75,0.12779408693313599
2283,0.75,0.12779203057289124
2284,0.75,0.12778995931148529
2285,0.75,0.12778787314891815
2286,0.75,0.12778583168983459
2287,0.75,0.12778374552726746
2288,0.75,0.12778165936470032
2289,0.75,0.12777960300445557
2290,0.75,0.12777751684188843
2291,0.75,0.12777544558048248
2292,0.75,0.12777337431907654
2293,0.75,0.12777130305767059
2294,0.75,0.12777037918567657
2295,0.75,0.12776735424995422
2296,0.75,0.1277654767036438
2297,0.75,0.12776359915733337
2298,0.75,0.12776166200637817
2299,0.75,0.12775973975658417
2300,0.75,0.12775780260562897
2301,0.75,0.12775585055351257
2302,0.75,0.12775388360023499
2303,0.75,0.1277519166469574
2304,0.75,0.12774993479251862
2305,0.75,0.12774793803691864
2306,0.75,0.1277468204498291
2307,0.75,0.1277441680431366
2308,0.75,0.12774236500263214
2309,0.75,0.1277405172586441
2310,0.75,0.12773868441581726
2311,0.75,0.12773682177066803
2312,0.75,0.12773492932319641
2313,0.75,0.1277330219745636
2314,0.75,0.12773111462593079
2315,0.75,0.12772919237613678
2316,0.75,0.12772724032402039
2317,0.75,0.12772531807422638
2318,0.75,0.12772338092327118
2319,0.75,0.1277213990688324
2320,0.75,0.127719447016716
2321,0.75,0.12771749496459961
2322,0.75,0.1277158260345459
2323,0.75,0.12771373987197876
2324,0.75,0.12771196663379669
2325,0.75,0.12771016359329224
2326,0.75,0.1277083158493042
2327,0.75,0.12770648300647736
2328,0.75,0.12770463526248932
2329,0.75,0.12770277261734009
2330,0.75,0.12770088016986847
2331,0.75,0.12769900262355804
2332,0.75,0.12769711017608643
2333,0.75,0.12769517302513123
2334,0.75,0.12769326567649841
2335,0.75,0.1276913583278656
2336,0.75,0.1276894211769104
2337,0.75,0.12768830358982086
2338,0.75,0.12768577039241791
2339,0.75,0.12768401205539703
2340,0.75,0.12768223881721497
2341,0.75,0.1276804655790329
2342,0.75,0.12767866253852844
2343,0.75,0.1276768296957016
2344,0.75,0.12767499685287476
2345,0.75,0.12767313420772552
2346,0.75,0.12767127156257629
2347,0.75,0.12766942381858826
2348,0.75,0.12766756117343903
2349,0.75,0.12766566872596741
2350,0.75,0.12766379117965698
2351,0.75,0.12766197323799133
2352,0.75,0.12766019999980927
2353,0.75,0.12765848636627197
2354,0.75,0.12765674293041229
2355,0.75,0.12765499949455261
2356,0.75,0.12765322625637054
2357,0.75,0.12765143811702728
2358,0.75,0.12764963507652283
2359,0.75,0.12764784693717957
2360,0.75,0.12764601409435272
2361,0.75,0.12764416635036469
2362,0.75,0.12764233350753784
2363,0.75,0.1276404857635498
2364,0.75,0.12763863801956177
2365,0.75,0.12763677537441254
2366,0.75,0.1276349276304245
2367,0.75,0.12763424217700958
2368,0.75,0.12763139605522156
2369,0.75,0.12762969732284546
2370,0.75,0.12762799859046936
2371,0.75,0.12762627005577087
2372,0.75,0.12762452661991119
2373,0.75,0.12762276828289032
2374,0.75,0.12762099504470825
2375,0.75,0.12761922180652618
2376,0.75,0.12761741876602173
2377,0.75,0.12761563062667847
2378,0.75,0.12761381268501282
2379,0.75,0.12761199474334717
2380,0.75,0.12761017680168152
2381,0.75,0.12760934233665466
2382,0.75,0.12760674953460693
2383,0.75,0.12760508060455322
2384,0.75,0.12760341167449951
2385,0.75,0.12760172784328461
2386,0.75,0.12760001420974731
2387,0.75,0.12759830057621002
2388,0.75,0.12759655714035034
2389,0.75,0.12759481370449066
2390,0.75,0.12759307026863098
2391,0.75,0.12759129703044891
2392,0.75,0.12758952379226685
2393,0.75,0.12758776545524597
2394,0.75,0.12758596241474152
2395,0.75,0.12758417427539825
2396,0.75,0.12758317589759827
2397,0.75,0.12758079171180725
2398,0.75,0.12757915258407593
2399,0.75,0.1275775134563446
2400,0.75,0.12757585942745209
2401,0.75,0.12757417559623718
2402,0.75,0.12757249176502228
2403,0.75,0.12757077813148499
2404,0.75,0.12756906449794769
2405,0.75,0.1275673508644104
2406,0.75,0.12756559252738953
2407,0.75,0.12756386399269104
2408,0.75,0.12756212055683136
2409,0.75,0.12756037712097168
2410,0.75,0.12755861878395081
2411,0.75,0.12755784392356873
2412,0.75,0.12755528092384338
2413,0.75,0.12755367159843445
2414,0.75,0.12755207717418671
2415,0.75,0.12755043804645538
2416,0.75,0.12754878401756287
2417,0.75,0.12754712998867035
2418,0.75,0.12754544615745544
2419,0.75,0.12754376232624054
2420,0.75,0.12754207849502563
2421,0.75,0.12754037976264954
2422,0.75,0.12753866612911224
2423,0.75,0.12753695249557495
2424,0.75,0.12753523886203766
2425,0.75,0.12753362953662872
2426,0.75,0.12753197550773621
2427,0.75,0.12753039598464966
2428,0.75,0.12752881646156311
2429,0.75,0.12752722203731537
2430,0.75,0.12752559781074524
2431,0.75,0.12752397358417511
2432,0.75,0.12752231955528259
2433,0.75,0.12752068042755127
2434,0.75,0.12751902639865875
2435,0.75,0.12751734256744385
2436,0.75,0.12751565873622894
2437,0.75,0.12751396000385284
2438,0.75,0.12751227617263794
2439,0.75,0.12751059234142303
2440,0.75,0.12750889360904694
2441,0.75,0.12750798463821411
2442,0.75,0.12750567495822906
2443,0.75,0.1275041252374649
2444,0.75,0.12750256061553955
2445,0.75,0.1275009959936142
2446,0.75,0.12749940156936646
2447,0.75,0.12749779224395752
2448,0.75,0.12749618291854858
2449,0.75,0.12749455869197845
2450,0.75,0.12749291956424713
2451,0.75,0.12749128043651581
2452,0.75,0.12748962640762329
2453,0.75,0.12748797237873077
2454,0.75,0.12748631834983826
2455,0.75,0.12748490273952484
2456,0.75,0.12748315930366516
2457,0.75,0.12748166918754578
2458,0.75,0.12748011946678162
2459,0.75,0.12747858464717865
2460,0.75,0.1274770200252533
2461,0.75,0.12747545540332794
2462,0.75,0.1274738609790802
2463,0.75,0.12747226655483246
2464,0.75,0.12747067213058472
2465,0.75,0.12746906280517578
2466,0.75,0.12746743857860565
2467,0.75,0.12746581435203552
2468,0.75,0.1274641752243042
2469,0.75,0.12746255099773407
2470,0.75,0.12746091187000275
2471,0.75,0.1274600625038147
2472,0.75,0.12745779752731323
2473,0.75,0.12745630741119385
2474,0.75,0.12745481729507446
2475,0.75,0.1274532824754715
2476,0.75,0.12745176255702972
2477,0.75,0.12745021283626556
2478,0.75,0.12744864821434021
2479,0.75,0.12744709849357605
2480,0.75,0.1274455189704895
2481,0.75,0.12744390964508057
2482,0.75,0.12744233012199402
2483,0.75,0.12744072079658508
2484,0.75,0.12743914127349854
2485,0.75,0.12743760645389557
2486,0.75,0.12743610143661499
2487,0.75,0.12743464112281799
2488,0.75,0.12743315100669861
2489,0.75,0.12743169069290161
2490,0.75,0.12743017077445984
2491,0.75,0.12742865085601807
2492,0.75,0.12742713093757629
2493,0.75,0.12742558121681213
2494,0.75,0.12742404639720917
2495,0.75,0.12742248177528381
2496,0.75,0.12742093205451965
2497,0.75,0.1274193674325943
2498,0.75,0.12741780281066895
2499,0.75,0.1274162083864212
2500,0.75,0.12741464376449585
2501,0.75,0.12741346657276154
2502,0.75,0.12741163372993469
2503,0.75,0.12741020321846008
2504,0.75,0.12740874290466309
2505,0.75,0.1274072676897049
2506,0.75,0.12740577757358551
2507,0.75,0.12740430235862732
2508,0.75,0.12740279734134674
2509,0.75,0.12740129232406616
2510,0.75,0.127399742603302
2511,0.75,0.12739822268486023
2512,0.75,0.12739670276641846
2513,0.75,0.1273951530456543
2514,0.75,0.12739361822605133
2515,0.75,0.12739205360412598
2516,0.75,0.12739107012748718
2517,0.75,0.12738911807537079
2518,0.75,0.12738770246505737
2519,0.75,0.12738628685474396
2520,0.75,0.12738484144210815
2521,0.75,0.12738339602947235
2522,0.75,0.12738193571567535
2523,0.75,0.12738043069839478
2524,0.75,0.12737897038459778
2525,0.75,0.12737748026847839
2526,0.75,0.12737596035003662
2527,0.75,0.12737445533275604
2528,0.75,0.12737295031547546
2529,0.75,0.12737143039703369
2530,0.75,0.12736991047859192
2531,0.75,0.12736861407756805
2532,0.75,0.12736700475215912
2533,0.75,0.12736561894416809
2534,0.75,0.12736423313617706
2535,0.75,0.12736281752586365
2536,0.75,0.12736138701438904
2537,0.75,0.12735995650291443
2538,0.75,0.12735849618911743
2539,0.75,0.12735702097415924
2540,0.75,0.12735557556152344
2541,0.75,0.12735410034656525
2542,0.75,0.12735261023044586
2543,0.75,0.12735110521316528
2544,0.75,0.12734964489936829
2545,0.75,0.1273481547832489
2546,0.75,0.12734663486480713
2547,0.75,0.12734593451023102
2548,0.75,0.1273437887430191
2549,0.75,0.12734243273735046
2550,0.75,0.12734106183052063
2551,0.75,0.12733966112136841
2552,0.75,0.12733826041221619
2553,0.75,0.12733684480190277
2554,0.75,0.12733541429042816
2555,0.75,0.12733398377895355
2556,0.75,0.12733253836631775
2557,0.75,0.12733107805252075
2558,0.75,0.12732963263988495
2559,0.75,0.12732815742492676
2560,0.75,0.12732671201229095
2561,0.75,0.12732523679733276
2562,0.75,0.12732449173927307
2563,0.75,0.12732243537902832
2564,0.75,0.12732109427452087
2565,0.75,0.12731976807117462
2566,0.75,0.12731841206550598
2567,0.75,0.12731702625751495
2568,0.75,0.12731562554836273
2569,0.75,0.12731422483921051
2570,0.75,0.12731282413005829
2571,0.75,0.12731139361858368
2572,0.75,0.12730996310710907
2573,0.75,0.12730854749679565
2574,0.75,0.12730711698532104
2575,0.75,0.12730567157268524
2576,0.75,0.12730422616004944
2577,0.75,0.12730298936367035
2578,0.75,0.12730148434638977
2579,0.75,0.12730017304420471
2580,0.75,0.12729884684085846
2581,0.75,0.12729750573635101
2582,0.75,0.12729614973068237
2583,0.75,0.12729477882385254
2584,0.75,0.12729340791702271
2585,0.75,0.12729202210903168
2586,0.75,0.12729063630104065
2587,0.75,0.12728922069072723
2588,0.75,0.12728783488273621
2589,0.75,0.12728641927242279
2590,0.75,0.12728500366210938
2591,0.75,0.12728357315063477
2592,0.75,0.12728214263916016
2593,0.75,0.12728124856948853
2594,0.75,0.12727944552898407
2595,0.75,0.12727814912796021
2596,0.75,0.12727683782577515
2597,0.75,0.12727552652359009
2598,0.75,0.12727420032024384
2599,0.75,0.1272728443145752
2600,0.75,0.12727148830890656
2601,0.75,0.12727014720439911
2602,0.75,0.12726876139640808
2603,0.75,0.12726739048957825
2604,0.75,0.12726601958274841
2605,0.75,0.12726461887359619
2606,0.75,0.12726323306560516
2607,0.75,0.12726184725761414
2608,0.75,0.12726119160652161
2609,0.75,0.12725919485092163
2610,0.75,0.12725794315338135
2611,0.75,0.12725666165351868
2612,0.75,0.12725535035133362
2613,0.75,0.12725406885147095
2614,0.75,0.1272527277469635
2615,0.75,0.12725141644477844
2616,0.75,0.127250075340271
2617,0.75,0.12724871933460236
2618,0.75,0.12724737823009491
2619,0.75,0.12724600732326508
2620,0.75,0.12724465131759644
2621,0.75,0.1272432804107666
2622,0.75,0.12724192440509796
2623,0.75,0.12724053859710693
2624,0.75,0.12723967432975769
2625,0.75,0.1272379457950592
2626,0.75,0.12723669409751892
2627,0.75,0.12723542749881744
2628,0.75,0.12723416090011597
2629,0.75,0.1272328794002533
2630,0.75,0.12723156809806824
2631,0.75,0.12723027169704437
2632,0.75,0.12722894549369812
2633,0.75,0.12722761929035187
2634,0.75,0.12722629308700562
2635,0.75,0.12722495198249817
2636,0.75,0.12722361087799072
2637,0.75,0.12722228467464447
2638,0.75,0.12722092866897583
2639,0.75,0.12721970677375793
2640,0.75,0.12721836566925049
2641,0.75,0.12721714377403259
2642,0.75,0.12721589207649231
2643,0.75,0.12721464037895203
2644,0.75,0.12721338868141174
2645,0.75,0.12721210718154907
2646,0.75,0.1272108256816864
2647,0.75,0.12720952928066254
2648,0.75,0.12720823287963867
2649,0.75,0.12720693647861481
2650,0.75,0.12720561027526855
2651,0.75,0.1272042840719223
2652,0.75,0.12720297276973724
2653,0.75,0.12720164656639099
2654,0.75,0.12720032036304474
2655,0.75,0.12719918787479401
2656,0.75,0.12719780206680298
2657,0.75,0.12719658017158508
2658,0.75,0.12719537317752838
2659,0.75,0.12719413638114929
2660,0.75,0.1271928995847702
2661,0.75,0.12719163298606873
2662,0.75,0.12719038128852844
2663,0.75,0.12718909978866577
2664,0.75,0.1271878182888031
2665,0.75,0.12718652188777924
2666,0.75,0.12718522548675537
2667,0.75,0.1271839439868927
2668,0.75,0.12718266248703003
2669,0.75,0.12718135118484497
2670,0.75,0.12718003988265991
2671,0.75,0.12717932462692261
2672,0.75,0.12717755138874054
2673,0.75,0.12717635929584503
2674,0.75,0.12717516720294952
2675,0.75,0.12717394530773163
2676,0.75,0.12717272341251373
2677,0.75,0.12717150151729584
2678,0.75,0.12717026472091675
2679,0.75,0.12716899812221527
2680,0.75,0.12716774642467499
2681,0.75,0.12716647982597351
2682,0.75,0.12716521322727203
2683,0.75,0.12716393172740936
2684,0.75,0.12716265022754669
2685,0.75,0.12716138362884521
2686,0.75,0.12716022133827209
2687,0.75,0.12715893983840942
2688,0.75,0.12715776264667511
2689,0.75,0.12715660035610199
2690,0.75,0.12715542316436768
2691,0.75,0.12715423107147217
2692,0.75,0.12715299427509308
2693,0.75,0.12715178728103638
2694,0.75,0.12715053558349609
2695,0.75,0.1271493136882782
2696,0.75,0.12714807689189911
2697,0.75,0.12714682519435883
2698,0.75,0.12714557349681854
2699,0.75,0.12714430689811707
2700,0.75,0.12714305520057678
2701,0.75,0.12714178860187531
2702,0.75,0.12714052200317383
2703,0.75,0.1271401047706604
2704,0.75,0.12713810801506042
2705,0.75,0.12713697552680969
2706,0.75,0.12713581323623657
2707,0.75,0.12713463604450226
2708,0.75,0.12713345885276794
2709,0.75,0.12713226675987244
2710,0.75,0.12713105976581573
2711,0.75,0.12712983787059784
2712,0.75,0.12712863087654114
2713,0.75,0.12712739408016205
2714,0.75,0.12712617218494415
2715,0.75,0.12712496519088745
2716,0.75,0.12712371349334717
2717,0.75,0.12712247669696808
2718,0.75,0.12712179124355316
2719,0.75,0.12712010741233826
2720,0.75,0.12711900472640991
2721,0.75,0.12711785733699799
2722,0.75,0.12711669504642487
2723,0.75,0.12711554765701294
2724,0.75,0.12711438536643982
2725,0.75,0.12711320817470551
2726,0.75,0.1271120011806488
2727,0.75,0.1271108090877533
2728,0.75,0.12710961699485779
2729,0.75,0.12710839509963989
2730,0.75,0.12710720300674438
2731,0.75,0.1271059513092041
2732,0.75,0.12710475921630859
2733,0.75,0.1271035373210907
2734,0.75,0.12710267305374146
2735,0.75,0.12710121273994446
2736,0.75,0.12710011005401611
2737,0.75,0.12709897756576538
2738,0.75,0.12709784507751465
2739,0.75,0.12709672749042511
2740,0.75,0.1270955502986908
2741,0.75,0.12709438800811768
2742,0.75,0.12709322571754456
2743,0.75,0.12709204852581024
2744,0.75,0.12709085643291473
2745,0.75,0.12708966434001923
2746,0.75,0.12708847224712372
2747,0.75,0.1270872950553894
2748,0.75,0.1270861029624939
2749,0.75,0.12708489596843719
2750,0.75,0.12708410620689392
2751,0.75,0.12708261609077454
2752,0.75,0.12708151340484619
2753,0.75,0.12708042562007904
2754,0.75,0.1270793080329895
2755,0.75,0.12707817554473877
2756,0.75,0.12707704305648804
2757,0.75,0.12707589566707611
2758,0.75,0.12707473337650299
2759,0.75,0.12707360088825226
2760,0.75,0.12707242369651794
2761,0.75,0.12707126140594482
2762,0.75,0.12707008421421051
2763,0.75,0.1270689070224762
2764,0.75,0.12706772983074188
2765,0.75,0.12706655263900757
2766,0.75,0.12706583738327026
2767,0.75,0.12706431746482849
2768,0.75,0.12706324458122253
2769,0.75,0.12706215679645538
2770,0.75,0.12706103920936584
2771,0.75,0.12705995142459869
2772,0.75,0.12705883383750916
2773,0.75,0.12705770134925842
2774,0.75,0.12705656886100769
2775,0.75,0.12705543637275696
2776,0.75,0.12705427408218384
2777,0.75,0.12705314159393311
2778,0.75,0.12705199420452118
2779,0.75,0.12705081701278687
2780,0.75,0.12704966962337494
2781,0.75,0.12704852223396301
2782,0.75,0.12704780697822571
2783,0.75,0.12704630196094513
2784,0.75,0.12704524397850037
2785,0.75,0.12704677879810333
2786,0.75,0.12707073986530304
2787,0.75,0.12709477543830872
2788,0.75,0.12711384892463684
2789,0.75,0.12712956964969635
2790,0.75,0.12714332342147827
2791,0.75,0.12715250253677368
2792,0.75,0.12715752422809601
2793,0.75,0.12715879082679749
2794,0.75,0.12715664505958557
2795,0.75,0.12715151906013489
2796,0.75,0.12714371085166931
2797,0.75,0.1271335631608963
2798,0.75,0.12712138891220093
2799,0.75,0.12710747122764587
2800,0.75,0.12709203362464905
2801,0.75,0.12707534432411194
2802,0.75,0.12705759704113007
2803,0.75,0.12703897058963776
2804,0.75,0.12703950703144073
2805,0.75,0.12704001367092133
2806,0.75,0.1270403116941452
2807,0.75,0.12704041600227356
2808,0.75,0.12704029679298401
2809,0.75,0.12703999876976013
2810,0.75,0.12703950703144073
2811,0.75,0.1270388662815094
2812,0.75,0.12703804671764374
2813,0.75,0.12703713774681091
2814,0.75,0.12703606486320496
2815,0.75,0.12703490257263184
2816,0.75,0.12703362107276917
2817,0.75,0.12703229486942291
2818,0.75,0.12703090906143188
2819,0.75,0.12702944874763489
2820,0.75,0.1270279586315155
2821,0.75,0.12702643871307373
2822,0.75,0.12702488899230957
2823,0.75,0.12702332437038422
2824,0.75,0.12702175974845886
2825,0.75,0.12702018022537231
2826,0.75,0.12701860070228577
2827,0.75,0.12701702117919922
2828,0.75,0.12701548635959625
2829,0.75,0.12701395153999329
2830,0.75,0.12701243162155151
2831,0.75,0.12701091170310974
2832,0.75,0.12700943648815155
2833,0.75,0.12700796127319336
2834,0.75,0.12700651586055756
2835,0.75,0.12700511515140533
2836,0.75,0.12700368463993073
2837,0.75,0.12700232863426208
2838,0.75,0.12700095772743225
2839,0.75,0.1269996166229248
2840,0.75,0.12699830532073975
2841,0.75,0.12699700891971588
2842,0.75,0.12699571251869202
2843,0.75,0.12699444591999054
2844,0.75,0.12699319422245026
2845,0.75,0.12699195742607117
2846,0.75,0.12699073553085327
2847,0.75,0.12698949873447418
2848,0.75,0.12698830664157867
2849,0.75,0.12698712944984436
2850,0.75,0.12698593735694885
2851,0.75,0.12698477506637573
2852,0.75,0.12698361277580261
2853,0.75,0.12698245048522949
2854,0.75,0.12698131799697876
2855,0.75,0.12698018550872803
2856,0.75,0.12697905302047729
2857,0.75,0.12697792053222656
2858,0.75,0.12697678804397583
2859,0.75,0.1269756555557251
2860,0.75,0.12697453796863556
2861,0.75,0.12697343528270721
2862,0.75,0.12697233259677887
2863,0.75,0.12697121500968933
2864,0.75,0.12697011232376099
2865,0.75,0.12696900963783264
2866,0.75,0.1269679069519043
2867,0.75,0.12696680426597595
2868,0.75,0.1269657164812088
2869,0.75,0.12696462869644165
2870,0.75,0.12696352601051331
2871,0.75,0.12696245312690735
2872,0.75,0.12696133553981781
2873,0.75,0.12696027755737305
2874,0.75,0.1269591897726059
2875,0.75,0.12695811688899994
2876,0.75,0.12695701420307159
2877,0.75,0.12695594131946564
2878,0.75,0.12695485353469849
2879,0.75,0.12695376574993134
2880,0.75,0.12695270776748657
2881,0.75,0.12695163488388062
2882,0.75,0.12695056200027466
2883,0.75,0.12694945931434631
2884,0.75,0.12694838643074036
2885,0.75,0.12694732844829559
2886,0.75,0.12694624066352844
2887,0.75,0.12694516777992249
2888,0.75,0.12694410979747772
2889,0.75,0.12694305181503296
2890,0.75,0.126941978931427
2891,0.75,0.12694090604782104
2892,0.75,0.12693984806537628
2893,0.75,0.12693877518177032
2894,0.75,0.12693771719932556
2895,0.75,0.1269366443157196
2896,0.75,0.12693557143211365
2897,0.75,0.12693451344966888
2898,0.75,0.12693347036838531
2899,0.75,0.12693241238594055
2900,0.75,0.12693135440349579
2901,0.75,0.12693029642105103
2902,0.75,0.12692925333976746
2903,0.75,0.12692819535732269
2904,0.75,0.12692713737487793
2905,0.75,0.12692609429359436
2906,0.75,0.1269250363111496
2907,0.75,0.12692399322986603
2908,0.75,0.12692295014858246
2909,0.75,0.1269218921661377
2910,0.75,0.12692084908485413
2911,0.75,0.12691980600357056
2912,0.75,0.12691876292228699
2913,0.75,0.12691771984100342
2914,0.75,0.12691667675971985
2915,0.75,0.12691564857959747
2916,0.75,0.12691459059715271
2917,0.75,0.12691354751586914
2918,0.75,0.12691250443458557
2919,0.75,0.1269114762544632
2920,0.75,0.12691044807434082
2921,0.75,0.12690940499305725
2922,0.75,0.12690837681293488
2923,0.75,0.1269073486328125
2924,0.75,0.12690632045269012
2925,0.75,0.12690529227256775
2926,0.75,0.12690426409244537
2927,0.75,0.126903235912323
2928,0.75,0.12690220773220062
2929,0.75,0.12690117955207825
2930,0.75,0.12690016627311707
2931,0.75,0.12689913809299469
2932,0.75,0.12689819931983948
2933,0.75,0.1268971711397171
2934,0.75,0.12689623236656189
2935,0.75,0.12689529359340668
2936,0.75,0.12689432501792908
2937,0.75,0.12689337134361267
2938,0.75,0.12689240276813507
2939,0.75,0.12689144909381866
2940,0.75,0.12689048051834106
2941,0.75,0.12688949704170227
2942,0.75,0.12688852846622467
2943,0.75,0.12688753008842468
2944,0.75,0.12688656151294708
2945,0.75,0.12688556313514709
2946,0.75,0.1268845796585083
2947,0.75,0.12688359618186951
2948,0.75,0.12688261270523071
2949,0.75,0.12688203155994415
2950,0.75,0.12688072025775909
2951,0.75,0.12687981128692627
2952,0.75,0.12687890231609344
2953,0.75,0.12687797844409943
2954,0.75,0.12687703967094421
2955,0.75,0.1268761157989502
2956,0.75,0.12687516212463379
2957,0.75,0.12687423825263977
2958,0.75,0.12687328457832336
2959,0.75,0.12687231600284576
2960,0.75,0.12687136232852936
2961,0.75,0.12687039375305176
2962,0.75,0.12686944007873535
2963,0.75,0.12686845660209656
2964,0.75,0.12686747312545776
2965,0.75,0.12686650454998016
2966,0.75,0.12686553597450256
2967,0.75,0.12686480581760406
2968,0.75,0.12686368823051453
2969,0.75,0.1268627941608429
2970,0.75,0.12686190009117126
2971,0.75,0.12686097621917725
2972,0.75,0.12686008214950562
2973,0.75,0.1268591582775116
2974,0.75,0.12685823440551758
2975,0.75,0.12685729563236237
2976,0.75,0.12685635685920715
2977,0.75,0.12685540318489075
2978,0.75,0.12685446441173553
2979,0.75,0.12685352563858032
2980,0.75,0.12685257196426392
2981,0.75,0.12685161828994751
2982,0.75,0.1268506646156311
2983,0.75,0.1268497109413147
2984,0.75,0.126848965883255
2985,0.75,0.12684786319732666
2986,0.75,0.12684699892997742
2987,0.75,0.12684610486030579
2988,0.75,0.12684521079063416
2989,0.75,0.12684433162212372
2990,0.75,0.1268434077501297
2991,0.75,0.12684251368045807
2992,0.75,0.12684157490730286
2993,0.75,0.12684065103530884
2994,0.75,0.12683972716331482
2995,0.75,0.1268388032913208
2996,0.75,0.12683784961700439
2997,0.75,0.12683692574501038
2998,0.75,0.12683598697185516
2999,0.75,0.12683504819869995
